<?xml version="1.0" encoding="UTF-8"?>
<!-- Generated by org.testng.reporters.JUnitXMLReporter -->
<testsuite hostname="XIPL6L198" ignored="0" name="Chrome" tests="1" failures="1" timestamp="15 Nov 2017 07:04:19 GMT" time="13.804" errors="0">
  <testcase name="mercuryTour" time="0.007" classname="MercuryTest.MercuryTour">
    <failure type="java.lang.ArrayIndexOutOfBoundsException" message="1">
      <![CDATA[java.lang.ArrayIndexOutOfBoundsException: 1
	at MercuryTest.MercuryTour.mercuryTour(MercuryTour.java:95)
	at java.util.concurrent.FutureTask.run(Unknown Source)
	at java.util.concurrent.ThreadPoolExecutor.runWorker(Unknown Source)
	at java.util.concurrent.ThreadPoolExecutor$Worker.run(Unknown Source)
	at java.lang.Thread.run(Unknown Source)
... Removed 16 stack frames]]>
    </failure>
  </testcase> <!-- mercuryTour -->
</testsuite> <!-- Chrome -->
