<?xml version="1.0" encoding="UTF-8"?>
<!-- Generated by org.testng.reporters.JUnitXMLReporter -->
<testsuite hostname="XIPL6L198" ignored="0" name="Mozilla Test" tests="1" failures="0" timestamp="15 Nov 2017 07:21:13 GMT" time="0.582" errors="0">
  <testcase name="@BeforeTest checkCaseToRun" time="0.519" classname="MercuryTest.MercuryTour">
    <failure type="java.lang.NullPointerException">
      <![CDATA[java.lang.NullPointerException
	at MercuryTest.MercuryTour.checkCaseToRun(MercuryTour.java:90)
	at java.util.concurrent.FutureTask.run(Unknown Source)
	at java.util.concurrent.ThreadPoolExecutor.runWorker(Unknown Source)
	at java.util.concurrent.ThreadPoolExecutor$Worker.run(Unknown Source)
	at java.lang.Thread.run(Unknown Source)
... Removed 14 stack frames]]>
    </failure>
  </testcase> <!-- @BeforeTest checkCaseToRun -->
  <testcase name="@AfterTest closeBrowser" time="0.0" classname="MercuryTest.MercuryTour">
    <skipped/>
  </testcase> <!-- @AfterTest closeBrowser -->
  <testcase name="mercuryTour" time="0.0" classname="MercuryTest.MercuryTour">
    <skipped/>
  </testcase> <!-- mercuryTour -->
</testsuite> <!-- Mozilla Test -->
