<?xml version="1.0" encoding="UTF-8"?>
<testng-results skipped="0" failed="0" ignored="0" total="1" passed="1">
  <reporter-output>
  </reporter-output>
  <suite name="Default suite" duration-ms="43472" started-at="2018-02-02T06:40:48Z" finished-at="2018-02-02T06:41:32Z">
    <groups>
    </groups>
    <test name="Default test" duration-ms="43472" started-at="2018-02-02T06:40:48Z" finished-at="2018-02-02T06:41:32Z">
      <class name="MercuryTest.MercuryTour">
        <test-method status="PASS" signature="checkSuiteToRun()[pri:0, instance:MercuryTest.MercuryTour@ae45eb6]" name="checkSuiteToRun" is-config="true" duration-ms="720" started-at="2018-02-02T12:10:48Z" finished-at="2018-02-02T12:10:48Z">
          <reporter-output>
          </reporter-output>
        </test-method> <!-- checkSuiteToRun -->
        <test-method status="PASS" signature="checkCaseToRun()[pri:0, instance:MercuryTest.MercuryTour@ae45eb6]" name="checkCaseToRun" is-config="true" duration-ms="8989" started-at="2018-02-02T12:10:48Z" finished-at="2018-02-02T12:10:57Z">
          <reporter-output>
          </reporter-output>
        </test-method> <!-- checkCaseToRun -->
        <test-method status="PASS" signature="mercuryTour(java.lang.String, java.lang.String, java.lang.String, java.lang.String, java.lang.String, java.lang.String, java.lang.String, java.lang.String, java.lang.String, java.lang.String, java.lang.String, java.lang.String, java.lang.String, java.lang.String, java.lang.String, java.lang.String, java.lang.String, java.lang.String, java.lang.String)[pri:0, instance:MercuryTest.MercuryTour@ae45eb6]" name="mercuryTour" duration-ms="34025" started-at="2018-02-02T12:10:57Z" data-provider="TestData" finished-at="2018-02-02T12:11:31Z">
          <params>
            <param index="0">
              <value>
                <![CDATA[mercury]]>
              </value>
            </param>
            <param index="1">
              <value>
                <![CDATA[mercury]]>
              </value>
            </param>
            <param index="2">
              <value>
                <![CDATA[2]]>
              </value>
            </param>
            <param index="3">
              <value>
                <![CDATA[Frankfurt]]>
              </value>
            </param>
            <param index="4">
              <value>
                <![CDATA[January]]>
              </value>
            </param>
            <param index="5">
              <value>
                <![CDATA[15]]>
              </value>
            </param>
            <param index="6">
              <value>
                <![CDATA[London]]>
              </value>
            </param>
            <param index="7">
              <value>
                <![CDATA[March]]>
              </value>
            </param>
            <param index="8">
              <value>
                <![CDATA[13]]>
              </value>
            </param>
            <param index="9">
              <value>
                <![CDATA[Sujoy]]>
              </value>
            </param>
            <param index="10">
              <value>
                <![CDATA[Giri]]>
              </value>
            </param>
            <param index="11">
              <value>
                <![CDATA[Bland]]>
              </value>
            </param>
            <param index="12">
              <value>
                <![CDATA[Discover]]>
              </value>
            </param>
            <param index="13">
              <value>
                <![CDATA[8897456585]]>
              </value>
            </param>
            <param index="14">
              <value>
                <![CDATA[01]]>
              </value>
            </param>
            <param index="15">
              <value>
                <![CDATA[2001]]>
              </value>
            </param>
            <param index="16">
              <value>
                <![CDATA[Sujoy]]>
              </value>
            </param>
            <param index="17">
              <value>
                <![CDATA[Kumar]]>
              </value>
            </param>
            <param index="18">
              <value>
                <![CDATA[Giri]]>
              </value>
            </param>
          </params>
          <reporter-output>
          </reporter-output>
        </test-method> <!-- mercuryTour -->
        <test-method status="PASS" signature="reporterDataResults()[pri:0, instance:MercuryTest.MercuryTour@ae45eb6]" name="reporterDataResults" is-config="true" duration-ms="52" started-at="2018-02-02T12:11:31Z" finished-at="2018-02-02T12:11:32Z">
          <reporter-output>
          </reporter-output>
        </test-method> <!-- reporterDataResults -->
        <test-method status="PASS" signature="closeBrowser()[pri:0, instance:MercuryTest.MercuryTour@ae45eb6]" name="closeBrowser" is-config="true" duration-ms="390" started-at="2018-02-02T12:11:32Z" finished-at="2018-02-02T12:11:32Z">
          <reporter-output>
          </reporter-output>
        </test-method> <!-- closeBrowser -->
      </class> <!-- MercuryTest.MercuryTour -->
    </test> <!-- Default test -->
  </suite> <!-- Default suite -->
</testng-results>
