<?xml version="1.0" encoding="UTF-8"?>
<!-- Generated by org.testng.reporters.JUnitXMLReporter -->
<testsuite hostname="XIDP-IND-APT48" ignored="0" name="HealthCare_US" tests="1" failures="0" timestamp="26 Sep 2017 12:18:20 GMT" time="115.783" errors="0">
  <testcase name="@AfterTest closeBrowser" time="0.002" classname="LOB.HealthCare.HealthCare_US">
    <failure type="java.lang.StackOverflowError">
      <![CDATA[java.lang.StackOverflowError
	at LOB.HealthCare.HealthCare_US.closeBrowser(HealthCare_US.java:337)
	at LOB.HealthCare.HealthCare_US.closeBrowser(HealthCare_US.java:337)
	at LOB.HealthCare.HealthCare_US.closeBrowser(HealthCare_US.java:337)
	at LOB.HealthCare.HealthCare_US.closeBrowser(HealthCare_US.java:337)
	at LOB.HealthCare.HealthCare_US.closeBrowser(HealthCare_US.java:337)
	at LOB.HealthCare.HealthCare_US.closeBrowser(HealthCare_US.java:337)
	at LOB.HealthCare.HealthCare_US.closeBrowser(HealthCare_US.java:337)
	at LOB.HealthCare.HealthCare_US.closeBrowser(HealthCare_US.java:337)
	at LOB.HealthCare.HealthCare_US.closeBrowser(HealthCare_US.java:337)
	at LOB.HealthCare.HealthCare_US.closeBrowser(HealthCare_US.java:337)
	at LOB.HealthCare.HealthCare_US.closeBrowser(HealthCare_US.java:337)
	at LOB.HealthCare.HealthCare_US.closeBrowser(HealthCare_US.java:337)
	at LOB.HealthCare.HealthCare_US.closeBrowser(HealthCare_US.java:337)
	at LOB.HealthCare.HealthCare_US.closeBrowser(HealthCare_US.java:337)
	at LOB.HealthCare.HealthCare_US.closeBrowser(HealthCare_US.java:337)
	at LOB.HealthCare.HealthCare_US.closeBrowser(HealthCare_US.java:337)
	at LOB.HealthCare.HealthCare_US.closeBrowser(HealthCare_US.java:337)
	at LOB.HealthCare.HealthCare_US.closeBrowser(HealthCare_US.java:337)
	at LOB.HealthCare.HealthCare_US.closeBrowser(HealthCare_US.java:337)
	at LOB.HealthCare.HealthCare_US.closeBrowser(HealthCare_US.java:337)
	at LOB.HealthCare.HealthCare_US.closeBrowser(HealthCare_US.java:337)
	at LOB.HealthCare.HealthCare_US.closeBrowser(HealthCare_US.java:337)
	at LOB.HealthCare.HealthCare_US.closeBrowser(HealthCare_US.java:337)
	at LOB.HealthCare.HealthCare_US.closeBrowser(HealthCare_US.java:337)
	at LOB.HealthCare.HealthCare_US.closeBrowser(HealthCare_US.java:337)
	at LOB.HealthCare.HealthCare_US.closeBrowser(HealthCare_US.java:337)
	at LOB.HealthCare.HealthCare_US.closeBrowser(HealthCare_US.java:337)
	at LOB.HealthCare.HealthCare_US.closeBrowser(HealthCare_US.java:337)
	at LOB.HealthCare.HealthCare_US.closeBrowser(HealthCare_US.java:337)
	at LOB.HealthCare.HealthCare_US.closeBrowser(HealthCare_US.java:337)
	at LOB.HealthCare.HealthCare_US.closeBrowser(HealthCare_US.java:337)
	at LOB.HealthCare.HealthCare_US.closeBrowser(HealthCare_US.java:337)
	at LOB.HealthCare.HealthCare_US.closeBrowser(HealthCare_US.java:337)
	at LOB.HealthCare.HealthCare_US.closeBrowser(HealthCare_US.java:337)
	at LOB.HealthCare.HealthCare_US.closeBrowser(HealthCare_US.java:337)
	at LOB.HealthCare.HealthCare_US.closeBrowser(HealthCare_US.java:337)
	at LOB.HealthCare.HealthCare_US.closeBrowser(HealthCare_US.java:337)
	at LOB.HealthCare.HealthCare_US.closeBrowser(HealthCare_US.java:337)
	at LOB.HealthCare.HealthCare_US.closeBrowser(HealthCare_US.java:337)
	at LOB.HealthCare.HealthCare_US.closeBrowser(HealthCare_US.java:337)
	at LOB.HealthCare.HealthCare_US.closeBrowser(HealthCare_US.java:337)
	at LOB.HealthCare.HealthCare_US.closeBrowser(HealthCare_US.java:337)
	at LOB.HealthCare.HealthCare_US.closeBrowser(HealthCare_US.java:337)
	at LOB.HealthCare.HealthCare_US.closeBrowser(HealthCare_US.java:337)
	at LOB.HealthCare.HealthCare_US.closeBrowser(HealthCare_US.java:337)
	at LOB.HealthCare.HealthCare_US.closeBrowser(HealthCare_US.java:337)
	at LOB.HealthCare.HealthCare_US.closeBrowser(HealthCare_US.java:337)
	at LOB.HealthCare.HealthCare_US.closeBrowser(HealthCare_US.java:337)
	at LOB.HealthCare.HealthCare_US.closeBrowser(HealthCare_US.java:337)
	at LOB.HealthCare.HealthCare_US.closeBrowser(HealthCare_US.java:337)
	at LOB.HealthCare.HealthCare_US.closeBrowser(HealthCare_US.java:337)
	at LOB.HealthCare.HealthCare_US.closeBrowser(HealthCare_US.java:337)
	at LOB.HealthCare.HealthCare_US.closeBrowser(HealthCare_US.java:337)
	at LOB.HealthCare.HealthCare_US.closeBrowser(HealthCare_US.java:337)
	at LOB.HealthCare.HealthCare_US.closeBrowser(HealthCare_US.java:337)
	at LOB.HealthCare.HealthCare_US.closeBrowser(HealthCare_US.java:337)
	at LOB.HealthCare.HealthCare_US.closeBrowser(HealthCare_US.java:337)
	at LOB.HealthCare.HealthCare_US.closeBrowser(HealthCare_US.java:337)
	at LOB.HealthCare.HealthCare_US.closeBrowser(HealthCare_US.java:337)
	at LOB.HealthCare.HealthCare_US.closeBrowser(HealthCare_US.java:337)
	at LOB.HealthCare.HealthCare_US.closeBrowser(HealthCare_US.java:337)
	at LOB.HealthCare.HealthCare_US.closeBrowser(HealthCare_US.java:337)
	at LOB.HealthCare.HealthCare_US.closeBrowser(HealthCare_US.java:337)
	at LOB.HealthCare.HealthCare_US.closeBrowser(HealthCare_US.java:337)
	at LOB.HealthCare.HealthCare_US.closeBrowser(HealthCare_US.java:337)
	at LOB.HealthCare.HealthCare_US.closeBrowser(HealthCare_US.java:337)
	at LOB.HealthCare.HealthCare_US.closeBrowser(HealthCare_US.java:337)
	at LOB.HealthCare.HealthCare_US.closeBrowser(HealthCare_US.java:337)
	at LOB.HealthCare.HealthCare_US.closeBrowser(HealthCare_US.java:337)
	at LOB.HealthCare.HealthCare_US.closeBrowser(HealthCare_US.java:337)
	at LOB.HealthCare.HealthCare_US.closeBrowser(HealthCare_US.java:337)
	at LOB.HealthCare.HealthCare_US.closeBrowser(HealthCare_US.java:337)
	at LOB.HealthCare.HealthCare_US.closeBrowser(HealthCare_US.java:337)
	at LOB.HealthCare.HealthCare_US.closeBrowser(HealthCare_US.java:337)
	at LOB.HealthCare.HealthCare_US.closeBrowser(HealthCare_US.java:337)
	at LOB.HealthCare.HealthCare_US.closeBrowser(HealthCare_US.java:337)
	at LOB.HealthCare.HealthCare_US.closeBrowser(HealthCare_US.java:337)
	at LOB.HealthCare.HealthCare_US.closeBrowser(HealthCare_US.java:337)
	at LOB.HealthCare.HealthCare_US.closeBrowser(HealthCare_US.java:337)
	at LOB.HealthCare.HealthCare_US.closeBrowser(HealthCare_US.java:337)
	at LOB.HealthCare.HealthCare_US.closeBrowser(HealthCare_US.java:337)
	at LOB.HealthCare.HealthCare_US.closeBrowser(HealthCare_US.java:337)
	at LOB.HealthCare.HealthCare_US.closeBrowser(HealthCare_US.java:337)
	at LOB.HealthCare.HealthCare_US.closeBrowser(HealthCare_US.java:337)
	at LOB.HealthCare.HealthCare_US.closeBrowser(HealthCare_US.java:337)
	at LOB.HealthCare.HealthCare_US.closeBrowser(HealthCare_US.java:337)
	at LOB.HealthCare.HealthCare_US.closeBrowser(HealthCare_US.java:337)
	at LOB.HealthCare.HealthCare_US.closeBrowser(HealthCare_US.java:337)
	at LOB.HealthCare.HealthCare_US.closeBrowser(HealthCare_US.java:337)
	at LOB.HealthCare.HealthCare_US.closeBrowser(HealthCare_US.java:337)
	at LOB.HealthCare.HealthCare_US.closeBrowser(HealthCare_US.java:337)
	at LOB.HealthCare.HealthCare_US.closeBrowser(HealthCare_US.java:337)
	at LOB.HealthCare.HealthCare_US.closeBrowser(HealthCare_US.java:337)
	at LOB.HealthCare.HealthCare_US.closeBrowser(HealthCare_US.java:337)
	at LOB.HealthCare.HealthCare_US.closeBrowser(HealthCare_US.java:337)
	at LOB.HealthCare.HealthCare_US.closeBrowser(HealthCare_US.java:337)
	at LOB.HealthCare.HealthCare_US.closeBrowser(HealthCare_US.java:337)
	at LOB.HealthCare.HealthCare_US.closeBrowser(HealthCare_US.java:337)
	at LOB.HealthCare.HealthCare_US.closeBrowser(HealthCare_US.java:337)
	at LOB.HealthCare.HealthCare_US.closeBrowser(HealthCare_US.java:337)
	at LOB.HealthCare.HealthCare_US.closeBrowser(HealthCare_US.java:337)
	at LOB.HealthCare.HealthCare_US.closeBrowser(HealthCare_US.java:337)
	at LOB.HealthCare.HealthCare_US.closeBrowser(HealthCare_US.java:337)
	at LOB.HealthCare.HealthCare_US.closeBrowser(HealthCare_US.java:337)
	at LOB.HealthCare.HealthCare_US.closeBrowser(HealthCare_US.java:337)
	at LOB.HealthCare.HealthCare_US.closeBrowser(HealthCare_US.java:337)
	at LOB.HealthCare.HealthCare_US.closeBrowser(HealthCare_US.java:337)
	at LOB.HealthCare.HealthCare_US.closeBrowser(HealthCare_US.java:337)
	at LOB.HealthCare.HealthCare_US.closeBrowser(HealthCare_US.java:337)
	at LOB.HealthCare.HealthCare_US.closeBrowser(HealthCare_US.java:337)
	at LOB.HealthCare.HealthCare_US.closeBrowser(HealthCare_US.java:337)
	at LOB.HealthCare.HealthCare_US.closeBrowser(HealthCare_US.java:337)
	at LOB.HealthCare.HealthCare_US.closeBrowser(HealthCare_US.java:337)
	at LOB.HealthCare.HealthCare_US.closeBrowser(HealthCare_US.java:337)
	at LOB.HealthCare.HealthCare_US.closeBrowser(HealthCare_US.java:337)
	at LOB.HealthCare.HealthCare_US.closeBrowser(HealthCare_US.java:337)
	at LOB.HealthCare.HealthCare_US.closeBrowser(HealthCare_US.java:337)
	at LOB.HealthCare.HealthCare_US.closeBrowser(HealthCare_US.java:337)
	at LOB.HealthCare.HealthCare_US.closeBrowser(HealthCare_US.java:337)
	at LOB.HealthCare.HealthCare_US.closeBrowser(HealthCare_US.java:337)
	at LOB.HealthCare.HealthCare_US.closeBrowser(HealthCare_US.java:337)
	at LOB.HealthCare.HealthCare_US.closeBrowser(HealthCare_US.java:337)
	at LOB.HealthCare.HealthCare_US.closeBrowser(HealthCare_US.java:337)
	at LOB.HealthCare.HealthCare_US.closeBrowser(HealthCare_US.java:337)
	at LOB.HealthCare.HealthCare_US.closeBrowser(HealthCare_US.java:337)
	at LOB.HealthCare.HealthCare_US.closeBrowser(HealthCare_US.java:337)
	at LOB.HealthCare.HealthCare_US.closeBrowser(HealthCare_US.java:337)
	at LOB.HealthCare.HealthCare_US.closeBrowser(HealthCare_US.java:337)
	at LOB.HealthCare.HealthCare_US.closeBrowser(HealthCare_US.java:337)
	at LOB.HealthCare.HealthCare_US.closeBrowser(HealthCare_US.java:337)
	at LOB.HealthCare.HealthCare_US.closeBrowser(HealthCare_US.java:337)
	at LOB.HealthCare.HealthCare_US.closeBrowser(HealthCare_US.java:337)
	at LOB.HealthCare.HealthCare_US.closeBrowser(HealthCare_US.java:337)
	at LOB.HealthCare.HealthCare_US.closeBrowser(HealthCare_US.java:337)
	at LOB.HealthCare.HealthCare_US.closeBrowser(HealthCare_US.java:337)
	at LOB.HealthCare.HealthCare_US.closeBrowser(HealthCare_US.java:337)
	at LOB.HealthCare.HealthCare_US.closeBrowser(HealthCare_US.java:337)
	at LOB.HealthCare.HealthCare_US.closeBrowser(HealthCare_US.java:337)
	at LOB.HealthCare.HealthCare_US.closeBrowser(HealthCare_US.java:337)
	at LOB.HealthCare.HealthCare_US.closeBrowser(HealthCare_US.java:337)
	at LOB.HealthCare.HealthCare_US.closeBrowser(HealthCare_US.java:337)
	at LOB.HealthCare.HealthCare_US.closeBrowser(HealthCare_US.java:337)
	at LOB.HealthCare.HealthCare_US.closeBrowser(HealthCare_US.java:337)
	at LOB.HealthCare.HealthCare_US.closeBrowser(HealthCare_US.java:337)
	at LOB.HealthCare.HealthCare_US.closeBrowser(HealthCare_US.java:337)
	at LOB.HealthCare.HealthCare_US.closeBrowser(HealthCare_US.java:337)
	at LOB.HealthCare.HealthCare_US.closeBrowser(HealthCare_US.java:337)
	at LOB.HealthCare.HealthCare_US.closeBrowser(HealthCare_US.java:337)
	at LOB.HealthCare.HealthCare_US.closeBrowser(HealthCare_US.java:337)
	at LOB.HealthCare.HealthCare_US.closeBrowser(HealthCare_US.java:337)
	at LOB.HealthCare.HealthCare_US.closeBrowser(HealthCare_US.java:337)
	at LOB.HealthCare.HealthCare_US.closeBrowser(HealthCare_US.java:337)
	at LOB.HealthCare.HealthCare_US.closeBrowser(HealthCare_US.java:337)
	at LOB.HealthCare.HealthCare_US.closeBrowser(HealthCare_US.java:337)
	at LOB.HealthCare.HealthCare_US.closeBrowser(HealthCare_US.java:337)
	at LOB.HealthCare.HealthCare_US.closeBrowser(HealthCare_US.java:337)
	at LOB.HealthCare.HealthCare_US.closeBrowser(HealthCare_US.java:337)
	at LOB.HealthCare.HealthCare_US.closeBrowser(HealthCare_US.java:337)
	at LOB.HealthCare.HealthCare_US.closeBrowser(HealthCare_US.java:337)
	at LOB.HealthCare.HealthCare_US.closeBrowser(HealthCare_US.java:337)
	at LOB.HealthCare.HealthCare_US.closeBrowser(HealthCare_US.java:337)
	at LOB.HealthCare.HealthCare_US.closeBrowser(HealthCare_US.java:337)
	at LOB.HealthCare.HealthCare_US.closeBrowser(HealthCare_US.java:337)
	at LOB.HealthCare.HealthCare_US.closeBrowser(HealthCare_US.java:337)
	at LOB.HealthCare.HealthCare_US.closeBrowser(HealthCare_US.java:337)
	at LOB.HealthCare.HealthCare_US.closeBrowser(HealthCare_US.java:337)
	at LOB.HealthCare.HealthCare_US.closeBrowser(HealthCare_US.java:337)
	at LOB.HealthCare.HealthCare_US.closeBrowser(HealthCare_US.java:337)
	at LOB.HealthCare.HealthCare_US.closeBrowser(HealthCare_US.java:337)
	at LOB.HealthCare.HealthCare_US.closeBrowser(HealthCare_US.java:337)
	at LOB.HealthCare.HealthCare_US.closeBrowser(HealthCare_US.java:337)
	at LOB.HealthCare.HealthCare_US.closeBrowser(HealthCare_US.java:337)
	at LOB.HealthCare.HealthCare_US.closeBrowser(HealthCare_US.java:337)
	at LOB.HealthCare.HealthCare_US.closeBrowser(HealthCare_US.java:337)
	at LOB.HealthCare.HealthCare_US.closeBrowser(HealthCare_US.java:337)
	at LOB.HealthCare.HealthCare_US.closeBrowser(HealthCare_US.java:337)
	at LOB.HealthCare.HealthCare_US.closeBrowser(HealthCare_US.java:337)
	at LOB.HealthCare.HealthCare_US.closeBrowser(HealthCare_US.java:337)
	at LOB.HealthCare.HealthCare_US.closeBrowser(HealthCare_US.java:337)
	at LOB.HealthCare.HealthCare_US.closeBrowser(HealthCare_US.java:337)
	at LOB.HealthCare.HealthCare_US.closeBrowser(HealthCare_US.java:337)
	at LOB.HealthCare.HealthCare_US.closeBrowser(HealthCare_US.java:337)
	at LOB.HealthCare.HealthCare_US.closeBrowser(HealthCare_US.java:337)
	at LOB.HealthCare.HealthCare_US.closeBrowser(HealthCare_US.java:337)
	at LOB.HealthCare.HealthCare_US.closeBrowser(HealthCare_US.java:337)
	at LOB.HealthCare.HealthCare_US.closeBrowser(HealthCare_US.java:337)
	at LOB.HealthCare.HealthCare_US.closeBrowser(HealthCare_US.java:337)
	at LOB.HealthCare.HealthCare_US.closeBrowser(HealthCare_US.java:337)
	at LOB.HealthCare.HealthCare_US.closeBrowser(HealthCare_US.java:337)
	at LOB.HealthCare.HealthCare_US.closeBrowser(HealthCare_US.java:337)
	at LOB.HealthCare.HealthCare_US.closeBrowser(HealthCare_US.java:337)
	at LOB.HealthCare.HealthCare_US.closeBrowser(HealthCare_US.java:337)
	at LOB.HealthCare.HealthCare_US.closeBrowser(HealthCare_US.java:337)
	at LOB.HealthCare.HealthCare_US.closeBrowser(HealthCare_US.java:337)
	at LOB.HealthCare.HealthCare_US.closeBrowser(HealthCare_US.java:337)
	at LOB.HealthCare.HealthCare_US.closeBrowser(HealthCare_US.java:337)
	at LOB.HealthCare.HealthCare_US.closeBrowser(HealthCare_US.java:337)
	at LOB.HealthCare.HealthCare_US.closeBrowser(HealthCare_US.java:337)
	at LOB.HealthCare.HealthCare_US.closeBrowser(HealthCare_US.java:337)
	at LOB.HealthCare.HealthCare_US.closeBrowser(HealthCare_US.java:337)
	at LOB.HealthCare.HealthCare_US.closeBrowser(HealthCare_US.java:337)
	at LOB.HealthCare.HealthCare_US.closeBrowser(HealthCare_US.java:337)
	at LOB.HealthCare.HealthCare_US.closeBrowser(HealthCare_US.java:337)
	at LOB.HealthCare.HealthCare_US.closeBrowser(HealthCare_US.java:337)
	at LOB.HealthCare.HealthCare_US.closeBrowser(HealthCare_US.java:337)
	at LOB.HealthCare.HealthCare_US.closeBrowser(HealthCare_US.java:337)
	at LOB.HealthCare.HealthCare_US.closeBrowser(HealthCare_US.java:337)
	at LOB.HealthCare.HealthCare_US.closeBrowser(HealthCare_US.java:337)
	at LOB.HealthCare.HealthCare_US.closeBrowser(HealthCare_US.java:337)
	at LOB.HealthCare.HealthCare_US.closeBrowser(HealthCare_US.java:337)
	at LOB.HealthCare.HealthCare_US.closeBrowser(HealthCare_US.java:337)
	at LOB.HealthCare.HealthCare_US.closeBrowser(HealthCare_US.java:337)
	at LOB.HealthCare.HealthCare_US.closeBrowser(HealthCare_US.java:337)
	at LOB.HealthCare.HealthCare_US.closeBrowser(HealthCare_US.java:337)
	at LOB.HealthCare.HealthCare_US.closeBrowser(HealthCare_US.java:337)
	at LOB.HealthCare.HealthCare_US.closeBrowser(HealthCare_US.java:337)
	at LOB.HealthCare.HealthCare_US.closeBrowser(HealthCare_US.java:337)
	at LOB.HealthCare.HealthCare_US.closeBrowser(HealthCare_US.java:337)
	at LOB.HealthCare.HealthCare_US.closeBrowser(HealthCare_US.java:337)
	at LOB.HealthCare.HealthCare_US.closeBrowser(HealthCare_US.java:337)
	at LOB.HealthCare.HealthCare_US.closeBrowser(HealthCare_US.java:337)
	at LOB.HealthCare.HealthCare_US.closeBrowser(HealthCare_US.java:337)
	at LOB.HealthCare.HealthCare_US.closeBrowser(HealthCare_US.java:337)
	at LOB.HealthCare.HealthCare_US.closeBrowser(HealthCare_US.java:337)
	at LOB.HealthCare.HealthCare_US.closeBrowser(HealthCare_US.java:337)
	at LOB.HealthCare.HealthCare_US.closeBrowser(HealthCare_US.java:337)
	at LOB.HealthCare.HealthCare_US.closeBrowser(HealthCare_US.java:337)
	at LOB.HealthCare.HealthCare_US.closeBrowser(HealthCare_US.java:337)
	at LOB.HealthCare.HealthCare_US.closeBrowser(HealthCare_US.java:337)
	at LOB.HealthCare.HealthCare_US.closeBrowser(HealthCare_US.java:337)
	at LOB.HealthCare.HealthCare_US.closeBrowser(HealthCare_US.java:337)
	at LOB.HealthCare.HealthCare_US.closeBrowser(HealthCare_US.java:337)
	at LOB.HealthCare.HealthCare_US.closeBrowser(HealthCare_US.java:337)
	at LOB.HealthCare.HealthCare_US.closeBrowser(HealthCare_US.java:337)
	at LOB.HealthCare.HealthCare_US.closeBrowser(HealthCare_US.java:337)
	at LOB.HealthCare.HealthCare_US.closeBrowser(HealthCare_US.java:337)
	at LOB.HealthCare.HealthCare_US.closeBrowser(HealthCare_US.java:337)
	at LOB.HealthCare.HealthCare_US.closeBrowser(HealthCare_US.java:337)
	at LOB.HealthCare.HealthCare_US.closeBrowser(HealthCare_US.java:337)
	at LOB.HealthCare.HealthCare_US.closeBrowser(HealthCare_US.java:337)
	at LOB.HealthCare.HealthCare_US.closeBrowser(HealthCare_US.java:337)
	at LOB.HealthCare.HealthCare_US.closeBrowser(HealthCare_US.java:337)
	at LOB.HealthCare.HealthCare_US.closeBrowser(HealthCare_US.java:337)
	at LOB.HealthCare.HealthCare_US.closeBrowser(HealthCare_US.java:337)
	at LOB.HealthCare.HealthCare_US.closeBrowser(HealthCare_US.java:337)
	at LOB.HealthCare.HealthCare_US.closeBrowser(HealthCare_US.java:337)
	at LOB.HealthCare.HealthCare_US.closeBrowser(HealthCare_US.java:337)
	at LOB.HealthCare.HealthCare_US.closeBrowser(HealthCare_US.java:337)
	at LOB.HealthCare.HealthCare_US.closeBrowser(HealthCare_US.java:337)
	at LOB.HealthCare.HealthCare_US.closeBrowser(HealthCare_US.java:337)
	at LOB.HealthCare.HealthCare_US.closeBrowser(HealthCare_US.java:337)
	at LOB.HealthCare.HealthCare_US.closeBrowser(HealthCare_US.java:337)
	at LOB.HealthCare.HealthCare_US.closeBrowser(HealthCare_US.java:337)
	at LOB.HealthCare.HealthCare_US.closeBrowser(HealthCare_US.java:337)
	at LOB.HealthCare.HealthCare_US.closeBrowser(HealthCare_US.java:337)
	at LOB.HealthCare.HealthCare_US.closeBrowser(HealthCare_US.java:337)
	at LOB.HealthCare.HealthCare_US.closeBrowser(HealthCare_US.java:337)
	at LOB.HealthCare.HealthCare_US.closeBrowser(HealthCare_US.java:337)
	at LOB.HealthCare.HealthCare_US.closeBrowser(HealthCare_US.java:337)
	at LOB.HealthCare.HealthCare_US.closeBrowser(HealthCare_US.java:337)
	at LOB.HealthCare.HealthCare_US.closeBrowser(HealthCare_US.java:337)
	at LOB.HealthCare.HealthCare_US.closeBrowser(HealthCare_US.java:337)
	at LOB.HealthCare.HealthCare_US.closeBrowser(HealthCare_US.java:337)
	at LOB.HealthCare.HealthCare_US.closeBrowser(HealthCare_US.java:337)
	at LOB.HealthCare.HealthCare_US.closeBrowser(HealthCare_US.java:337)
	at LOB.HealthCare.HealthCare_US.closeBrowser(HealthCare_US.java:337)
	at LOB.HealthCare.HealthCare_US.closeBrowser(HealthCare_US.java:337)
	at LOB.HealthCare.HealthCare_US.closeBrowser(HealthCare_US.java:337)
	at LOB.HealthCare.HealthCare_US.closeBrowser(HealthCare_US.java:337)
	at LOB.HealthCare.HealthCare_US.closeBrowser(HealthCare_US.java:337)
	at LOB.HealthCare.HealthCare_US.closeBrowser(HealthCare_US.java:337)
	at LOB.HealthCare.HealthCare_US.closeBrowser(HealthCare_US.java:337)
	at LOB.HealthCare.HealthCare_US.closeBrowser(HealthCare_US.java:337)
	at LOB.HealthCare.HealthCare_US.closeBrowser(HealthCare_US.java:337)
	at LOB.HealthCare.HealthCare_US.closeBrowser(HealthCare_US.java:337)
	at LOB.HealthCare.HealthCare_US.closeBrowser(HealthCare_US.java:337)
	at LOB.HealthCare.HealthCare_US.closeBrowser(HealthCare_US.java:337)
	at LOB.HealthCare.HealthCare_US.closeBrowser(HealthCare_US.java:337)
	at LOB.HealthCare.HealthCare_US.closeBrowser(HealthCare_US.java:337)
	at LOB.HealthCare.HealthCare_US.closeBrowser(HealthCare_US.java:337)
	at LOB.HealthCare.HealthCare_US.closeBrowser(HealthCare_US.java:337)
	at LOB.HealthCare.HealthCare_US.closeBrowser(HealthCare_US.java:337)
	at LOB.HealthCare.HealthCare_US.closeBrowser(HealthCare_US.java:337)
	at LOB.HealthCare.HealthCare_US.closeBrowser(HealthCare_US.java:337)
	at LOB.HealthCare.HealthCare_US.closeBrowser(HealthCare_US.java:337)
	at LOB.HealthCare.HealthCare_US.closeBrowser(HealthCare_US.java:337)
	at LOB.HealthCare.HealthCare_US.closeBrowser(HealthCare_US.java:337)
	at LOB.HealthCare.HealthCare_US.closeBrowser(HealthCare_US.java:337)
	at LOB.HealthCare.HealthCare_US.closeBrowser(HealthCare_US.java:337)
	at LOB.HealthCare.HealthCare_US.closeBrowser(HealthCare_US.java:337)
	at LOB.HealthCare.HealthCare_US.closeBrowser(HealthCare_US.java:337)
	at LOB.HealthCare.HealthCare_US.closeBrowser(HealthCare_US.java:337)
	at LOB.HealthCare.HealthCare_US.closeBrowser(HealthCare_US.java:337)
	at LOB.HealthCare.HealthCare_US.closeBrowser(HealthCare_US.java:337)
	at LOB.HealthCare.HealthCare_US.closeBrowser(HealthCare_US.java:337)
	at LOB.HealthCare.HealthCare_US.closeBrowser(HealthCare_US.java:337)
	at LOB.HealthCare.HealthCare_US.closeBrowser(HealthCare_US.java:337)
	at LOB.HealthCare.HealthCare_US.closeBrowser(HealthCare_US.java:337)
	at LOB.HealthCare.HealthCare_US.closeBrowser(HealthCare_US.java:337)
	at LOB.HealthCare.HealthCare_US.closeBrowser(HealthCare_US.java:337)
	at LOB.HealthCare.HealthCare_US.closeBrowser(HealthCare_US.java:337)
	at LOB.HealthCare.HealthCare_US.closeBrowser(HealthCare_US.java:337)
	at LOB.HealthCare.HealthCare_US.closeBrowser(HealthCare_US.java:337)
	at LOB.HealthCare.HealthCare_US.closeBrowser(HealthCare_US.java:337)
	at LOB.HealthCare.HealthCare_US.closeBrowser(HealthCare_US.java:337)
	at LOB.HealthCare.HealthCare_US.closeBrowser(HealthCare_US.java:337)
	at LOB.HealthCare.HealthCare_US.closeBrowser(HealthCare_US.java:337)
	at LOB.HealthCare.HealthCare_US.closeBrowser(HealthCare_US.java:337)
	at LOB.HealthCare.HealthCare_US.closeBrowser(HealthCare_US.java:337)
	at LOB.HealthCare.HealthCare_US.closeBrowser(HealthCare_US.java:337)
	at LOB.HealthCare.HealthCare_US.closeBrowser(HealthCare_US.java:337)
	at LOB.HealthCare.HealthCare_US.closeBrowser(HealthCare_US.java:337)
	at LOB.HealthCare.HealthCare_US.closeBrowser(HealthCare_US.java:337)
	at LOB.HealthCare.HealthCare_US.closeBrowser(HealthCare_US.java:337)
	at LOB.HealthCare.HealthCare_US.closeBrowser(HealthCare_US.java:337)
	at LOB.HealthCare.HealthCare_US.closeBrowser(HealthCare_US.java:337)
	at LOB.HealthCare.HealthCare_US.closeBrowser(HealthCare_US.java:337)
	at LOB.HealthCare.HealthCare_US.closeBrowser(HealthCare_US.java:337)
	at LOB.HealthCare.HealthCare_US.closeBrowser(HealthCare_US.java:337)
	at LOB.HealthCare.HealthCare_US.closeBrowser(HealthCare_US.java:337)
	at LOB.HealthCare.HealthCare_US.closeBrowser(HealthCare_US.java:337)
	at LOB.HealthCare.HealthCare_US.closeBrowser(HealthCare_US.java:337)
	at LOB.HealthCare.HealthCare_US.closeBrowser(HealthCare_US.java:337)
	at LOB.HealthCare.HealthCare_US.closeBrowser(HealthCare_US.java:337)
	at LOB.HealthCare.HealthCare_US.closeBrowser(HealthCare_US.java:337)
	at LOB.HealthCare.HealthCare_US.closeBrowser(HealthCare_US.java:337)
	at LOB.HealthCare.HealthCare_US.closeBrowser(HealthCare_US.java:337)
	at LOB.HealthCare.HealthCare_US.closeBrowser(HealthCare_US.java:337)
	at LOB.HealthCare.HealthCare_US.closeBrowser(HealthCare_US.java:337)
	at LOB.HealthCare.HealthCare_US.closeBrowser(HealthCare_US.java:337)
	at LOB.HealthCare.HealthCare_US.closeBrowser(HealthCare_US.java:337)
	at LOB.HealthCare.HealthCare_US.closeBrowser(HealthCare_US.java:337)
	at LOB.HealthCare.HealthCare_US.closeBrowser(HealthCare_US.java:337)
	at LOB.HealthCare.HealthCare_US.closeBrowser(HealthCare_US.java:337)
	at LOB.HealthCare.HealthCare_US.closeBrowser(HealthCare_US.java:337)
	at LOB.HealthCare.HealthCare_US.closeBrowser(HealthCare_US.java:337)
	at LOB.HealthCare.HealthCare_US.closeBrowser(HealthCare_US.java:337)
	at LOB.HealthCare.HealthCare_US.closeBrowser(HealthCare_US.java:337)
	at LOB.HealthCare.HealthCare_US.closeBrowser(HealthCare_US.java:337)
	at LOB.HealthCare.HealthCare_US.closeBrowser(HealthCare_US.java:337)
	at LOB.HealthCare.HealthCare_US.closeBrowser(HealthCare_US.java:337)
	at LOB.HealthCare.HealthCare_US.closeBrowser(HealthCare_US.java:337)
	at LOB.HealthCare.HealthCare_US.closeBrowser(HealthCare_US.java:337)
	at LOB.HealthCare.HealthCare_US.closeBrowser(HealthCare_US.java:337)
	at LOB.HealthCare.HealthCare_US.closeBrowser(HealthCare_US.java:337)
	at LOB.HealthCare.HealthCare_US.closeBrowser(HealthCare_US.java:337)
	at LOB.HealthCare.HealthCare_US.closeBrowser(HealthCare_US.java:337)
	at LOB.HealthCare.HealthCare_US.closeBrowser(HealthCare_US.java:337)
	at LOB.HealthCare.HealthCare_US.closeBrowser(HealthCare_US.java:337)
	at LOB.HealthCare.HealthCare_US.closeBrowser(HealthCare_US.java:337)
	at LOB.HealthCare.HealthCare_US.closeBrowser(HealthCare_US.java:337)
	at LOB.HealthCare.HealthCare_US.closeBrowser(HealthCare_US.java:337)
	at LOB.HealthCare.HealthCare_US.closeBrowser(HealthCare_US.java:337)
	at LOB.HealthCare.HealthCare_US.closeBrowser(HealthCare_US.java:337)
	at LOB.HealthCare.HealthCare_US.closeBrowser(HealthCare_US.java:337)
	at LOB.HealthCare.HealthCare_US.closeBrowser(HealthCare_US.java:337)
	at LOB.HealthCare.HealthCare_US.closeBrowser(HealthCare_US.java:337)
	at LOB.HealthCare.HealthCare_US.closeBrowser(HealthCare_US.java:337)
	at LOB.HealthCare.HealthCare_US.closeBrowser(HealthCare_US.java:337)
	at LOB.HealthCare.HealthCare_US.closeBrowser(HealthCare_US.java:337)
	at LOB.HealthCare.HealthCare_US.closeBrowser(HealthCare_US.java:337)
	at LOB.HealthCare.HealthCare_US.closeBrowser(HealthCare_US.java:337)
	at LOB.HealthCare.HealthCare_US.closeBrowser(HealthCare_US.java:337)
	at LOB.HealthCare.HealthCare_US.closeBrowser(HealthCare_US.java:337)
	at LOB.HealthCare.HealthCare_US.closeBrowser(HealthCare_US.java:337)
	at LOB.HealthCare.HealthCare_US.closeBrowser(HealthCare_US.java:337)
	at LOB.HealthCare.HealthCare_US.closeBrowser(HealthCare_US.java:337)
	at LOB.HealthCare.HealthCare_US.closeBrowser(HealthCare_US.java:337)
	at LOB.HealthCare.HealthCare_US.closeBrowser(HealthCare_US.java:337)
	at LOB.HealthCare.HealthCare_US.closeBrowser(HealthCare_US.java:337)
	at LOB.HealthCare.HealthCare_US.closeBrowser(HealthCare_US.java:337)
	at LOB.HealthCare.HealthCare_US.closeBrowser(HealthCare_US.java:337)
	at LOB.HealthCare.HealthCare_US.closeBrowser(HealthCare_US.java:337)
	at LOB.HealthCare.HealthCare_US.closeBrowser(HealthCare_US.java:337)
	at LOB.HealthCare.HealthCare_US.closeBrowser(HealthCare_US.java:337)
	at LOB.HealthCare.HealthCare_US.closeBrowser(HealthCare_US.java:337)
	at LOB.HealthCare.HealthCare_US.closeBrowser(HealthCare_US.java:337)
	at LOB.HealthCare.HealthCare_US.closeBrowser(HealthCare_US.java:337)
	at LOB.HealthCare.HealthCare_US.closeBrowser(HealthCare_US.java:337)
	at LOB.HealthCare.HealthCare_US.closeBrowser(HealthCare_US.java:337)
	at LOB.HealthCare.HealthCare_US.closeBrowser(HealthCare_US.java:337)
	at LOB.HealthCare.HealthCare_US.closeBrowser(HealthCare_US.java:337)
	at LOB.HealthCare.HealthCare_US.closeBrowser(HealthCare_US.java:337)
	at LOB.HealthCare.HealthCare_US.closeBrowser(HealthCare_US.java:337)
	at LOB.HealthCare.HealthCare_US.closeBrowser(HealthCare_US.java:337)
	at LOB.HealthCare.HealthCare_US.closeBrowser(HealthCare_US.java:337)
	at LOB.HealthCare.HealthCare_US.closeBrowser(HealthCare_US.java:337)
	at LOB.HealthCare.HealthCare_US.closeBrowser(HealthCare_US.java:337)
	at LOB.HealthCare.HealthCare_US.closeBrowser(HealthCare_US.java:337)
	at LOB.HealthCare.HealthCare_US.closeBrowser(HealthCare_US.java:337)
	at LOB.HealthCare.HealthCare_US.closeBrowser(HealthCare_US.java:337)
	at LOB.HealthCare.HealthCare_US.closeBrowser(HealthCare_US.java:337)
	at LOB.HealthCare.HealthCare_US.closeBrowser(HealthCare_US.java:337)
	at LOB.HealthCare.HealthCare_US.closeBrowser(HealthCare_US.java:337)
	at LOB.HealthCare.HealthCare_US.closeBrowser(HealthCare_US.java:337)
	at LOB.HealthCare.HealthCare_US.closeBrowser(HealthCare_US.java:337)
	at LOB.HealthCare.HealthCare_US.closeBrowser(HealthCare_US.java:337)
	at LOB.HealthCare.HealthCare_US.closeBrowser(HealthCare_US.java:337)
	at LOB.HealthCare.HealthCare_US.closeBrowser(HealthCare_US.java:337)
	at LOB.HealthCare.HealthCare_US.closeBrowser(HealthCare_US.java:337)
	at LOB.HealthCare.HealthCare_US.closeBrowser(HealthCare_US.java:337)
	at LOB.HealthCare.HealthCare_US.closeBrowser(HealthCare_US.java:337)
	at LOB.HealthCare.HealthCare_US.closeBrowser(HealthCare_US.java:337)
	at LOB.HealthCare.HealthCare_US.closeBrowser(HealthCare_US.java:337)
	at LOB.HealthCare.HealthCare_US.closeBrowser(HealthCare_US.java:337)
	at LOB.HealthCare.HealthCare_US.closeBrowser(HealthCare_US.java:337)
	at LOB.HealthCare.HealthCare_US.closeBrowser(HealthCare_US.java:337)
	at LOB.HealthCare.HealthCare_US.closeBrowser(HealthCare_US.java:337)
	at LOB.HealthCare.HealthCare_US.closeBrowser(HealthCare_US.java:337)
	at LOB.HealthCare.HealthCare_US.closeBrowser(HealthCare_US.java:337)
	at LOB.HealthCare.HealthCare_US.closeBrowser(HealthCare_US.java:337)
	at LOB.HealthCare.HealthCare_US.closeBrowser(HealthCare_US.java:337)
	at LOB.HealthCare.HealthCare_US.closeBrowser(HealthCare_US.java:337)
	at LOB.HealthCare.HealthCare_US.closeBrowser(HealthCare_US.java:337)
	at LOB.HealthCare.HealthCare_US.closeBrowser(HealthCare_US.java:337)
	at LOB.HealthCare.HealthCare_US.closeBrowser(HealthCare_US.java:337)
	at LOB.HealthCare.HealthCare_US.closeBrowser(HealthCare_US.java:337)
	at LOB.HealthCare.HealthCare_US.closeBrowser(HealthCare_US.java:337)
	at LOB.HealthCare.HealthCare_US.closeBrowser(HealthCare_US.java:337)
	at LOB.HealthCare.HealthCare_US.closeBrowser(HealthCare_US.java:337)
	at LOB.HealthCare.HealthCare_US.closeBrowser(HealthCare_US.java:337)
	at LOB.HealthCare.HealthCare_US.closeBrowser(HealthCare_US.java:337)
	at LOB.HealthCare.HealthCare_US.closeBrowser(HealthCare_US.java:337)
	at LOB.HealthCare.HealthCare_US.closeBrowser(HealthCare_US.java:337)
	at LOB.HealthCare.HealthCare_US.closeBrowser(HealthCare_US.java:337)
	at LOB.HealthCare.HealthCare_US.closeBrowser(HealthCare_US.java:337)
	at LOB.HealthCare.HealthCare_US.closeBrowser(HealthCare_US.java:337)
	at LOB.HealthCare.HealthCare_US.closeBrowser(HealthCare_US.java:337)
	at LOB.HealthCare.HealthCare_US.closeBrowser(HealthCare_US.java:337)
	at LOB.HealthCare.HealthCare_US.closeBrowser(HealthCare_US.java:337)
	at LOB.HealthCare.HealthCare_US.closeBrowser(HealthCare_US.java:337)
	at LOB.HealthCare.HealthCare_US.closeBrowser(HealthCare_US.java:337)
	at LOB.HealthCare.HealthCare_US.closeBrowser(HealthCare_US.java:337)
	at LOB.HealthCare.HealthCare_US.closeBrowser(HealthCare_US.java:337)
	at LOB.HealthCare.HealthCare_US.closeBrowser(HealthCare_US.java:337)
	at LOB.HealthCare.HealthCare_US.closeBrowser(HealthCare_US.java:337)
	at LOB.HealthCare.HealthCare_US.closeBrowser(HealthCare_US.java:337)
	at LOB.HealthCare.HealthCare_US.closeBrowser(HealthCare_US.java:337)
	at LOB.HealthCare.HealthCare_US.closeBrowser(HealthCare_US.java:337)
	at LOB.HealthCare.HealthCare_US.closeBrowser(HealthCare_US.java:337)
	at LOB.HealthCare.HealthCare_US.closeBrowser(HealthCare_US.java:337)
	at LOB.HealthCare.HealthCare_US.closeBrowser(HealthCare_US.java:337)
	at LOB.HealthCare.HealthCare_US.closeBrowser(HealthCare_US.java:337)
	at LOB.HealthCare.HealthCare_US.closeBrowser(HealthCare_US.java:337)
	at LOB.HealthCare.HealthCare_US.closeBrowser(HealthCare_US.java:337)
	at LOB.HealthCare.HealthCare_US.closeBrowser(HealthCare_US.java:337)
	at LOB.HealthCare.HealthCare_US.closeBrowser(HealthCare_US.java:337)
	at LOB.HealthCare.HealthCare_US.closeBrowser(HealthCare_US.java:337)
	at LOB.HealthCare.HealthCare_US.closeBrowser(HealthCare_US.java:337)
	at LOB.HealthCare.HealthCare_US.closeBrowser(HealthCare_US.java:337)
	at LOB.HealthCare.HealthCare_US.closeBrowser(HealthCare_US.java:337)
	at LOB.HealthCare.HealthCare_US.closeBrowser(HealthCare_US.java:337)
	at LOB.HealthCare.HealthCare_US.closeBrowser(HealthCare_US.java:337)
	at LOB.HealthCare.HealthCare_US.closeBrowser(HealthCare_US.java:337)
	at LOB.HealthCare.HealthCare_US.closeBrowser(HealthCare_US.java:337)
	at LOB.HealthCare.HealthCare_US.closeBrowser(HealthCare_US.java:337)
	at LOB.HealthCare.HealthCare_US.closeBrowser(HealthCare_US.java:337)
	at LOB.HealthCare.HealthCare_US.closeBrowser(HealthCare_US.java:337)
	at LOB.HealthCare.HealthCare_US.closeBrowser(HealthCare_US.java:337)
	at LOB.HealthCare.HealthCare_US.closeBrowser(HealthCare_US.java:337)
	at LOB.HealthCare.HealthCare_US.closeBrowser(HealthCare_US.java:337)
	at LOB.HealthCare.HealthCare_US.closeBrowser(HealthCare_US.java:337)
	at LOB.HealthCare.HealthCare_US.closeBrowser(HealthCare_US.java:337)
	at LOB.HealthCare.HealthCare_US.closeBrowser(HealthCare_US.java:337)
	at LOB.HealthCare.HealthCare_US.closeBrowser(HealthCare_US.java:337)
	at LOB.HealthCare.HealthCare_US.closeBrowser(HealthCare_US.java:337)
	at LOB.HealthCare.HealthCare_US.closeBrowser(HealthCare_US.java:337)
	at LOB.HealthCare.HealthCare_US.closeBrowser(HealthCare_US.java:337)
	at LOB.HealthCare.HealthCare_US.closeBrowser(HealthCare_US.java:337)
	at LOB.HealthCare.HealthCare_US.closeBrowser(HealthCare_US.java:337)
	at LOB.HealthCare.HealthCare_US.closeBrowser(HealthCare_US.java:337)
	at LOB.HealthCare.HealthCare_US.closeBrowser(HealthCare_US.java:337)
	at LOB.HealthCare.HealthCare_US.closeBrowser(HealthCare_US.java:337)
	at LOB.HealthCare.HealthCare_US.closeBrowser(HealthCare_US.java:337)
	at LOB.HealthCare.HealthCare_US.closeBrowser(HealthCare_US.java:337)
	at LOB.HealthCare.HealthCare_US.closeBrowser(HealthCare_US.java:337)
	at LOB.HealthCare.HealthCare_US.closeBrowser(HealthCare_US.java:337)
	at LOB.HealthCare.HealthCare_US.closeBrowser(HealthCare_US.java:337)
	at LOB.HealthCare.HealthCare_US.closeBrowser(HealthCare_US.java:337)
	at LOB.HealthCare.HealthCare_US.closeBrowser(HealthCare_US.java:337)
	at LOB.HealthCare.HealthCare_US.closeBrowser(HealthCare_US.java:337)
	at LOB.HealthCare.HealthCare_US.closeBrowser(HealthCare_US.java:337)
	at LOB.HealthCare.HealthCare_US.closeBrowser(HealthCare_US.java:337)
	at LOB.HealthCare.HealthCare_US.closeBrowser(HealthCare_US.java:337)
	at LOB.HealthCare.HealthCare_US.closeBrowser(HealthCare_US.java:337)
	at LOB.HealthCare.HealthCare_US.closeBrowser(HealthCare_US.java:337)
	at LOB.HealthCare.HealthCare_US.closeBrowser(HealthCare_US.java:337)
	at LOB.HealthCare.HealthCare_US.closeBrowser(HealthCare_US.java:337)
	at LOB.HealthCare.HealthCare_US.closeBrowser(HealthCare_US.java:337)
	at LOB.HealthCare.HealthCare_US.closeBrowser(HealthCare_US.java:337)
	at LOB.HealthCare.HealthCare_US.closeBrowser(HealthCare_US.java:337)
	at LOB.HealthCare.HealthCare_US.closeBrowser(HealthCare_US.java:337)
	at LOB.HealthCare.HealthCare_US.closeBrowser(HealthCare_US.java:337)
	at LOB.HealthCare.HealthCare_US.closeBrowser(HealthCare_US.java:337)
	at LOB.HealthCare.HealthCare_US.closeBrowser(HealthCare_US.java:337)
	at LOB.HealthCare.HealthCare_US.closeBrowser(HealthCare_US.java:337)
	at LOB.HealthCare.HealthCare_US.closeBrowser(HealthCare_US.java:337)
	at LOB.HealthCare.HealthCare_US.closeBrowser(HealthCare_US.java:337)
	at LOB.HealthCare.HealthCare_US.closeBrowser(HealthCare_US.java:337)
	at LOB.HealthCare.HealthCare_US.closeBrowser(HealthCare_US.java:337)
	at LOB.HealthCare.HealthCare_US.closeBrowser(HealthCare_US.java:337)
	at LOB.HealthCare.HealthCare_US.closeBrowser(HealthCare_US.java:337)
	at LOB.HealthCare.HealthCare_US.closeBrowser(HealthCare_US.java:337)
	at LOB.HealthCare.HealthCare_US.closeBrowser(HealthCare_US.java:337)
	at LOB.HealthCare.HealthCare_US.closeBrowser(HealthCare_US.java:337)
	at LOB.HealthCare.HealthCare_US.closeBrowser(HealthCare_US.java:337)
	at LOB.HealthCare.HealthCare_US.closeBrowser(HealthCare_US.java:337)
	at LOB.HealthCare.HealthCare_US.closeBrowser(HealthCare_US.java:337)
	at LOB.HealthCare.HealthCare_US.closeBrowser(HealthCare_US.java:337)
	at LOB.HealthCare.HealthCare_US.closeBrowser(HealthCare_US.java:337)
	at LOB.HealthCare.HealthCare_US.closeBrowser(HealthCare_US.java:337)
	at LOB.HealthCare.HealthCare_US.closeBrowser(HealthCare_US.java:337)
	at LOB.HealthCare.HealthCare_US.closeBrowser(HealthCare_US.java:337)
	at LOB.HealthCare.HealthCare_US.closeBrowser(HealthCare_US.java:337)
	at LOB.HealthCare.HealthCare_US.closeBrowser(HealthCare_US.java:337)
	at LOB.HealthCare.HealthCare_US.closeBrowser(HealthCare_US.java:337)
	at LOB.HealthCare.HealthCare_US.closeBrowser(HealthCare_US.java:337)
	at LOB.HealthCare.HealthCare_US.closeBrowser(HealthCare_US.java:337)
	at LOB.HealthCare.HealthCare_US.closeBrowser(HealthCare_US.java:337)
	at LOB.HealthCare.HealthCare_US.closeBrowser(HealthCare_US.java:337)
	at LOB.HealthCare.HealthCare_US.closeBrowser(HealthCare_US.java:337)
	at LOB.HealthCare.HealthCare_US.closeBrowser(HealthCare_US.java:337)
	at LOB.HealthCare.HealthCare_US.closeBrowser(HealthCare_US.java:337)
	at LOB.HealthCare.HealthCare_US.closeBrowser(HealthCare_US.java:337)
	at LOB.HealthCare.HealthCare_US.closeBrowser(HealthCare_US.java:337)
	at LOB.HealthCare.HealthCare_US.closeBrowser(HealthCare_US.java:337)
	at LOB.HealthCare.HealthCare_US.closeBrowser(HealthCare_US.java:337)
	at LOB.HealthCare.HealthCare_US.closeBrowser(HealthCare_US.java:337)
	at LOB.HealthCare.HealthCare_US.closeBrowser(HealthCare_US.java:337)
	at LOB.HealthCare.HealthCare_US.closeBrowser(HealthCare_US.java:337)
	at LOB.HealthCare.HealthCare_US.closeBrowser(HealthCare_US.java:337)
	at LOB.HealthCare.HealthCare_US.closeBrowser(HealthCare_US.java:337)
	at LOB.HealthCare.HealthCare_US.closeBrowser(HealthCare_US.java:337)
	at LOB.HealthCare.HealthCare_US.closeBrowser(HealthCare_US.java:337)
	at LOB.HealthCare.HealthCare_US.closeBrowser(HealthCare_US.java:337)
	at LOB.HealthCare.HealthCare_US.closeBrowser(HealthCare_US.java:337)
	at LOB.HealthCare.HealthCare_US.closeBrowser(HealthCare_US.java:337)
	at LOB.HealthCare.HealthCare_US.closeBrowser(HealthCare_US.java:337)
	at LOB.HealthCare.HealthCare_US.closeBrowser(HealthCare_US.java:337)
	at LOB.HealthCare.HealthCare_US.closeBrowser(HealthCare_US.java:337)
	at LOB.HealthCare.HealthCare_US.closeBrowser(HealthCare_US.java:337)
	at LOB.HealthCare.HealthCare_US.closeBrowser(HealthCare_US.java:337)
	at LOB.HealthCare.HealthCare_US.closeBrowser(HealthCare_US.java:337)
	at LOB.HealthCare.HealthCare_US.closeBrowser(HealthCare_US.java:337)
	at LOB.HealthCare.HealthCare_US.closeBrowser(HealthCare_US.java:337)
	at LOB.HealthCare.HealthCare_US.closeBrowser(HealthCare_US.java:337)
	at LOB.HealthCare.HealthCare_US.closeBrowser(HealthCare_US.java:337)
	at LOB.HealthCare.HealthCare_US.closeBrowser(HealthCare_US.java:337)
	at LOB.HealthCare.HealthCare_US.closeBrowser(HealthCare_US.java:337)
	at LOB.HealthCare.HealthCare_US.closeBrowser(HealthCare_US.java:337)
	at LOB.HealthCare.HealthCare_US.closeBrowser(HealthCare_US.java:337)
	at LOB.HealthCare.HealthCare_US.closeBrowser(HealthCare_US.java:337)
	at LOB.HealthCare.HealthCare_US.closeBrowser(HealthCare_US.java:337)
	at LOB.HealthCare.HealthCare_US.closeBrowser(HealthCare_US.java:337)
	at LOB.HealthCare.HealthCare_US.closeBrowser(HealthCare_US.java:337)
	at LOB.HealthCare.HealthCare_US.closeBrowser(HealthCare_US.java:337)
	at LOB.HealthCare.HealthCare_US.closeBrowser(HealthCare_US.java:337)
	at LOB.HealthCare.HealthCare_US.closeBrowser(HealthCare_US.java:337)
	at LOB.HealthCare.HealthCare_US.closeBrowser(HealthCare_US.java:337)
	at LOB.HealthCare.HealthCare_US.closeBrowser(HealthCare_US.java:337)
	at LOB.HealthCare.HealthCare_US.closeBrowser(HealthCare_US.java:337)
	at LOB.HealthCare.HealthCare_US.closeBrowser(HealthCare_US.java:337)
	at LOB.HealthCare.HealthCare_US.closeBrowser(HealthCare_US.java:337)
	at LOB.HealthCare.HealthCare_US.closeBrowser(HealthCare_US.java:337)
	at LOB.HealthCare.HealthCare_US.closeBrowser(HealthCare_US.java:337)
	at LOB.HealthCare.HealthCare_US.closeBrowser(HealthCare_US.java:337)
	at LOB.HealthCare.HealthCare_US.closeBrowser(HealthCare_US.java:337)
	at LOB.HealthCare.HealthCare_US.closeBrowser(HealthCare_US.java:337)
	at LOB.HealthCare.HealthCare_US.closeBrowser(HealthCare_US.java:337)
	at LOB.HealthCare.HealthCare_US.closeBrowser(HealthCare_US.java:337)
	at LOB.HealthCare.HealthCare_US.closeBrowser(HealthCare_US.java:337)
	at LOB.HealthCare.HealthCare_US.closeBrowser(HealthCare_US.java:337)
	at LOB.HealthCare.HealthCare_US.closeBrowser(HealthCare_US.java:337)
	at LOB.HealthCare.HealthCare_US.closeBrowser(HealthCare_US.java:337)
	at LOB.HealthCare.HealthCare_US.closeBrowser(HealthCare_US.java:337)
	at LOB.HealthCare.HealthCare_US.closeBrowser(HealthCare_US.java:337)
	at LOB.HealthCare.HealthCare_US.closeBrowser(HealthCare_US.java:337)
	at LOB.HealthCare.HealthCare_US.closeBrowser(HealthCare_US.java:337)
	at LOB.HealthCare.HealthCare_US.closeBrowser(HealthCare_US.java:337)
	at LOB.HealthCare.HealthCare_US.closeBrowser(HealthCare_US.java:337)
	at LOB.HealthCare.HealthCare_US.closeBrowser(HealthCare_US.java:337)
	at LOB.HealthCare.HealthCare_US.closeBrowser(HealthCare_US.java:337)
	at LOB.HealthCare.HealthCare_US.closeBrowser(HealthCare_US.java:337)
	at LOB.HealthCare.HealthCare_US.closeBrowser(HealthCare_US.java:337)
	at LOB.HealthCare.HealthCare_US.closeBrowser(HealthCare_US.java:337)
	at LOB.HealthCare.HealthCare_US.closeBrowser(HealthCare_US.java:337)
	at LOB.HealthCare.HealthCare_US.closeBrowser(HealthCare_US.java:337)
	at LOB.HealthCare.HealthCare_US.closeBrowser(HealthCare_US.java:337)
	at LOB.HealthCare.HealthCare_US.closeBrowser(HealthCare_US.java:337)
	at LOB.HealthCare.HealthCare_US.closeBrowser(HealthCare_US.java:337)
	at LOB.HealthCare.HealthCare_US.closeBrowser(HealthCare_US.java:337)
	at LOB.HealthCare.HealthCare_US.closeBrowser(HealthCare_US.java:337)
	at LOB.HealthCare.HealthCare_US.closeBrowser(HealthCare_US.java:337)
	at LOB.HealthCare.HealthCare_US.closeBrowser(HealthCare_US.java:337)
	at LOB.HealthCare.HealthCare_US.closeBrowser(HealthCare_US.java:337)
	at LOB.HealthCare.HealthCare_US.closeBrowser(HealthCare_US.java:337)
	at LOB.HealthCare.HealthCare_US.closeBrowser(HealthCare_US.java:337)
	at LOB.HealthCare.HealthCare_US.closeBrowser(HealthCare_US.java:337)
	at LOB.HealthCare.HealthCare_US.closeBrowser(HealthCare_US.java:337)
	at LOB.HealthCare.HealthCare_US.closeBrowser(HealthCare_US.java:337)
	at LOB.HealthCare.HealthCare_US.closeBrowser(HealthCare_US.java:337)
	at LOB.HealthCare.HealthCare_US.closeBrowser(HealthCare_US.java:337)
	at LOB.HealthCare.HealthCare_US.closeBrowser(HealthCare_US.java:337)
	at LOB.HealthCare.HealthCare_US.closeBrowser(HealthCare_US.java:337)
	at LOB.HealthCare.HealthCare_US.closeBrowser(HealthCare_US.java:337)
	at LOB.HealthCare.HealthCare_US.closeBrowser(HealthCare_US.java:337)
	at LOB.HealthCare.HealthCare_US.closeBrowser(HealthCare_US.java:337)
	at LOB.HealthCare.HealthCare_US.closeBrowser(HealthCare_US.java:337)
	at LOB.HealthCare.HealthCare_US.closeBrowser(HealthCare_US.java:337)
	at LOB.HealthCare.HealthCare_US.closeBrowser(HealthCare_US.java:337)
	at LOB.HealthCare.HealthCare_US.closeBrowser(HealthCare_US.java:337)
	at LOB.HealthCare.HealthCare_US.closeBrowser(HealthCare_US.java:337)
	at LOB.HealthCare.HealthCare_US.closeBrowser(HealthCare_US.java:337)
	at LOB.HealthCare.HealthCare_US.closeBrowser(HealthCare_US.java:337)
	at LOB.HealthCare.HealthCare_US.closeBrowser(HealthCare_US.java:337)
	at LOB.HealthCare.HealthCare_US.closeBrowser(HealthCare_US.java:337)
	at LOB.HealthCare.HealthCare_US.closeBrowser(HealthCare_US.java:337)
	at LOB.HealthCare.HealthCare_US.closeBrowser(HealthCare_US.java:337)
	at LOB.HealthCare.HealthCare_US.closeBrowser(HealthCare_US.java:337)
	at LOB.HealthCare.HealthCare_US.closeBrowser(HealthCare_US.java:337)
	at LOB.HealthCare.HealthCare_US.closeBrowser(HealthCare_US.java:337)
	at LOB.HealthCare.HealthCare_US.closeBrowser(HealthCare_US.java:337)
	at LOB.HealthCare.HealthCare_US.closeBrowser(HealthCare_US.java:337)
	at LOB.HealthCare.HealthCare_US.closeBrowser(HealthCare_US.java:337)
	at LOB.HealthCare.HealthCare_US.closeBrowser(HealthCare_US.java:337)
	at LOB.HealthCare.HealthCare_US.closeBrowser(HealthCare_US.java:337)
	at LOB.HealthCare.HealthCare_US.closeBrowser(HealthCare_US.java:337)
	at LOB.HealthCare.HealthCare_US.closeBrowser(HealthCare_US.java:337)
	at LOB.HealthCare.HealthCare_US.closeBrowser(HealthCare_US.java:337)
	at LOB.HealthCare.HealthCare_US.closeBrowser(HealthCare_US.java:337)
	at LOB.HealthCare.HealthCare_US.closeBrowser(HealthCare_US.java:337)
	at LOB.HealthCare.HealthCare_US.closeBrowser(HealthCare_US.java:337)
	at LOB.HealthCare.HealthCare_US.closeBrowser(HealthCare_US.java:337)
	at LOB.HealthCare.HealthCare_US.closeBrowser(HealthCare_US.java:337)
	at LOB.HealthCare.HealthCare_US.closeBrowser(HealthCare_US.java:337)
	at LOB.HealthCare.HealthCare_US.closeBrowser(HealthCare_US.java:337)
	at LOB.HealthCare.HealthCare_US.closeBrowser(HealthCare_US.java:337)
	at LOB.HealthCare.HealthCare_US.closeBrowser(HealthCare_US.java:337)
	at LOB.HealthCare.HealthCare_US.closeBrowser(HealthCare_US.java:337)
	at LOB.HealthCare.HealthCare_US.closeBrowser(HealthCare_US.java:337)
	at LOB.HealthCare.HealthCare_US.closeBrowser(HealthCare_US.java:337)
	at LOB.HealthCare.HealthCare_US.closeBrowser(HealthCare_US.java:337)
	at LOB.HealthCare.HealthCare_US.closeBrowser(HealthCare_US.java:337)
	at LOB.HealthCare.HealthCare_US.closeBrowser(HealthCare_US.java:337)
	at LOB.HealthCare.HealthCare_US.closeBrowser(HealthCare_US.java:337)
	at LOB.HealthCare.HealthCare_US.closeBrowser(HealthCare_US.java:337)
	at LOB.HealthCare.HealthCare_US.closeBrowser(HealthCare_US.java:337)
	at LOB.HealthCare.HealthCare_US.closeBrowser(HealthCare_US.java:337)
	at LOB.HealthCare.HealthCare_US.closeBrowser(HealthCare_US.java:337)
	at LOB.HealthCare.HealthCare_US.closeBrowser(HealthCare_US.java:337)
	at LOB.HealthCare.HealthCare_US.closeBrowser(HealthCare_US.java:337)
	at LOB.HealthCare.HealthCare_US.closeBrowser(HealthCare_US.java:337)
	at LOB.HealthCare.HealthCare_US.closeBrowser(HealthCare_US.java:337)
	at LOB.HealthCare.HealthCare_US.closeBrowser(HealthCare_US.java:337)
	at LOB.HealthCare.HealthCare_US.closeBrowser(HealthCare_US.java:337)
	at LOB.HealthCare.HealthCare_US.closeBrowser(HealthCare_US.java:337)
	at LOB.HealthCare.HealthCare_US.closeBrowser(HealthCare_US.java:337)
	at LOB.HealthCare.HealthCare_US.closeBrowser(HealthCare_US.java:337)
	at LOB.HealthCare.HealthCare_US.closeBrowser(HealthCare_US.java:337)
	at LOB.HealthCare.HealthCare_US.closeBrowser(HealthCare_US.java:337)
	at LOB.HealthCare.HealthCare_US.closeBrowser(HealthCare_US.java:337)
	at LOB.HealthCare.HealthCare_US.closeBrowser(HealthCare_US.java:337)
	at LOB.HealthCare.HealthCare_US.closeBrowser(HealthCare_US.java:337)
	at LOB.HealthCare.HealthCare_US.closeBrowser(HealthCare_US.java:337)
	at LOB.HealthCare.HealthCare_US.closeBrowser(HealthCare_US.java:337)
	at LOB.HealthCare.HealthCare_US.closeBrowser(HealthCare_US.java:337)
	at LOB.HealthCare.HealthCare_US.closeBrowser(HealthCare_US.java:337)
	at LOB.HealthCare.HealthCare_US.closeBrowser(HealthCare_US.java:337)
	at LOB.HealthCare.HealthCare_US.closeBrowser(HealthCare_US.java:337)
	at LOB.HealthCare.HealthCare_US.closeBrowser(HealthCare_US.java:337)
	at LOB.HealthCare.HealthCare_US.closeBrowser(HealthCare_US.java:337)
	at LOB.HealthCare.HealthCare_US.closeBrowser(HealthCare_US.java:337)
	at LOB.HealthCare.HealthCare_US.closeBrowser(HealthCare_US.java:337)
	at LOB.HealthCare.HealthCare_US.closeBrowser(HealthCare_US.java:337)
	at LOB.HealthCare.HealthCare_US.closeBrowser(HealthCare_US.java:337)
	at LOB.HealthCare.HealthCare_US.closeBrowser(HealthCare_US.java:337)
	at LOB.HealthCare.HealthCare_US.closeBrowser(HealthCare_US.java:337)
	at LOB.HealthCare.HealthCare_US.closeBrowser(HealthCare_US.java:337)
	at LOB.HealthCare.HealthCare_US.closeBrowser(HealthCare_US.java:337)
	at LOB.HealthCare.HealthCare_US.closeBrowser(HealthCare_US.java:337)
	at LOB.HealthCare.HealthCare_US.closeBrowser(HealthCare_US.java:337)
	at LOB.HealthCare.HealthCare_US.closeBrowser(HealthCare_US.java:337)
	at LOB.HealthCare.HealthCare_US.closeBrowser(HealthCare_US.java:337)
	at LOB.HealthCare.HealthCare_US.closeBrowser(HealthCare_US.java:337)
	at LOB.HealthCare.HealthCare_US.closeBrowser(HealthCare_US.java:337)
	at LOB.HealthCare.HealthCare_US.closeBrowser(HealthCare_US.java:337)
	at LOB.HealthCare.HealthCare_US.closeBrowser(HealthCare_US.java:337)
	at LOB.HealthCare.HealthCare_US.closeBrowser(HealthCare_US.java:337)
	at LOB.HealthCare.HealthCare_US.closeBrowser(HealthCare_US.java:337)
	at LOB.HealthCare.HealthCare_US.closeBrowser(HealthCare_US.java:337)
	at LOB.HealthCare.HealthCare_US.closeBrowser(HealthCare_US.java:337)
	at LOB.HealthCare.HealthCare_US.closeBrowser(HealthCare_US.java:337)
	at LOB.HealthCare.HealthCare_US.closeBrowser(HealthCare_US.java:337)
	at LOB.HealthCare.HealthCare_US.closeBrowser(HealthCare_US.java:337)
	at LOB.HealthCare.HealthCare_US.closeBrowser(HealthCare_US.java:337)
	at LOB.HealthCare.HealthCare_US.closeBrowser(HealthCare_US.java:337)
	at LOB.HealthCare.HealthCare_US.closeBrowser(HealthCare_US.java:337)
	at LOB.HealthCare.HealthCare_US.closeBrowser(HealthCare_US.java:337)
	at LOB.HealthCare.HealthCare_US.closeBrowser(HealthCare_US.java:337)
	at LOB.HealthCare.HealthCare_US.closeBrowser(HealthCare_US.java:337)
	at LOB.HealthCare.HealthCare_US.closeBrowser(HealthCare_US.java:337)
	at LOB.HealthCare.HealthCare_US.closeBrowser(HealthCare_US.java:337)
	at LOB.HealthCare.HealthCare_US.closeBrowser(HealthCare_US.java:337)
	at LOB.HealthCare.HealthCare_US.closeBrowser(HealthCare_US.java:337)
	at LOB.HealthCare.HealthCare_US.closeBrowser(HealthCare_US.java:337)
	at LOB.HealthCare.HealthCare_US.closeBrowser(HealthCare_US.java:337)
	at LOB.HealthCare.HealthCare_US.closeBrowser(HealthCare_US.java:337)
	at LOB.HealthCare.HealthCare_US.closeBrowser(HealthCare_US.java:337)
	at LOB.HealthCare.HealthCare_US.closeBrowser(HealthCare_US.java:337)
	at LOB.HealthCare.HealthCare_US.closeBrowser(HealthCare_US.java:337)
	at LOB.HealthCare.HealthCare_US.closeBrowser(HealthCare_US.java:337)
	at LOB.HealthCare.HealthCare_US.closeBrowser(HealthCare_US.java:337)
	at LOB.HealthCare.HealthCare_US.closeBrowser(HealthCare_US.java:337)
	at LOB.HealthCare.HealthCare_US.closeBrowser(HealthCare_US.java:337)
	at LOB.HealthCare.HealthCare_US.closeBrowser(HealthCare_US.java:337)
	at LOB.HealthCare.HealthCare_US.closeBrowser(HealthCare_US.java:337)
	at LOB.HealthCare.HealthCare_US.closeBrowser(HealthCare_US.java:337)
	at LOB.HealthCare.HealthCare_US.closeBrowser(HealthCare_US.java:337)
	at LOB.HealthCare.HealthCare_US.closeBrowser(HealthCare_US.java:337)
	at LOB.HealthCare.HealthCare_US.closeBrowser(HealthCare_US.java:337)
	at LOB.HealthCare.HealthCare_US.closeBrowser(HealthCare_US.java:337)
	at LOB.HealthCare.HealthCare_US.closeBrowser(HealthCare_US.java:337)
	at LOB.HealthCare.HealthCare_US.closeBrowser(HealthCare_US.java:337)
	at LOB.HealthCare.HealthCare_US.closeBrowser(HealthCare_US.java:337)
	at LOB.HealthCare.HealthCare_US.closeBrowser(HealthCare_US.java:337)
	at LOB.HealthCare.HealthCare_US.closeBrowser(HealthCare_US.java:337)
	at LOB.HealthCare.HealthCare_US.closeBrowser(HealthCare_US.java:337)
	at LOB.HealthCare.HealthCare_US.closeBrowser(HealthCare_US.java:337)
	at LOB.HealthCare.HealthCare_US.closeBrowser(HealthCare_US.java:337)
	at LOB.HealthCare.HealthCare_US.closeBrowser(HealthCare_US.java:337)
	at LOB.HealthCare.HealthCare_US.closeBrowser(HealthCare_US.java:337)
	at LOB.HealthCare.HealthCare_US.closeBrowser(HealthCare_US.java:337)
	at LOB.HealthCare.HealthCare_US.closeBrowser(HealthCare_US.java:337)
	at LOB.HealthCare.HealthCare_US.closeBrowser(HealthCare_US.java:337)
	at LOB.HealthCare.HealthCare_US.closeBrowser(HealthCare_US.java:337)
	at LOB.HealthCare.HealthCare_US.closeBrowser(HealthCare_US.java:337)
	at LOB.HealthCare.HealthCare_US.closeBrowser(HealthCare_US.java:337)
	at LOB.HealthCare.HealthCare_US.closeBrowser(HealthCare_US.java:337)
	at LOB.HealthCare.HealthCare_US.closeBrowser(HealthCare_US.java:337)
	at LOB.HealthCare.HealthCare_US.closeBrowser(HealthCare_US.java:337)
	at LOB.HealthCare.HealthCare_US.closeBrowser(HealthCare_US.java:337)
	at LOB.HealthCare.HealthCare_US.closeBrowser(HealthCare_US.java:337)
	at LOB.HealthCare.HealthCare_US.closeBrowser(HealthCare_US.java:337)
	at LOB.HealthCare.HealthCare_US.closeBrowser(HealthCare_US.java:337)
	at LOB.HealthCare.HealthCare_US.closeBrowser(HealthCare_US.java:337)
	at LOB.HealthCare.HealthCare_US.closeBrowser(HealthCare_US.java:337)
	at LOB.HealthCare.HealthCare_US.closeBrowser(HealthCare_US.java:337)
	at LOB.HealthCare.HealthCare_US.closeBrowser(HealthCare_US.java:337)
	at LOB.HealthCare.HealthCare_US.closeBrowser(HealthCare_US.java:337)
	at LOB.HealthCare.HealthCare_US.closeBrowser(HealthCare_US.java:337)
	at LOB.HealthCare.HealthCare_US.closeBrowser(HealthCare_US.java:337)
	at LOB.HealthCare.HealthCare_US.closeBrowser(HealthCare_US.java:337)
	at LOB.HealthCare.HealthCare_US.closeBrowser(HealthCare_US.java:337)
	at LOB.HealthCare.HealthCare_US.closeBrowser(HealthCare_US.java:337)
	at LOB.HealthCare.HealthCare_US.closeBrowser(HealthCare_US.java:337)
	at LOB.HealthCare.HealthCare_US.closeBrowser(HealthCare_US.java:337)
	at LOB.HealthCare.HealthCare_US.closeBrowser(HealthCare_US.java:337)
	at LOB.HealthCare.HealthCare_US.closeBrowser(HealthCare_US.java:337)
	at LOB.HealthCare.HealthCare_US.closeBrowser(HealthCare_US.java:337)
	at LOB.HealthCare.HealthCare_US.closeBrowser(HealthCare_US.java:337)
	at LOB.HealthCare.HealthCare_US.closeBrowser(HealthCare_US.java:337)
	at LOB.HealthCare.HealthCare_US.closeBrowser(HealthCare_US.java:337)
	at LOB.HealthCare.HealthCare_US.closeBrowser(HealthCare_US.java:337)
	at LOB.HealthCare.HealthCare_US.closeBrowser(HealthCare_US.java:337)
	at LOB.HealthCare.HealthCare_US.closeBrowser(HealthCare_US.java:337)
	at LOB.HealthCare.HealthCare_US.closeBrowser(HealthCare_US.java:337)
	at LOB.HealthCare.HealthCare_US.closeBrowser(HealthCare_US.java:337)
	at LOB.HealthCare.HealthCare_US.closeBrowser(HealthCare_US.java:337)
	at LOB.HealthCare.HealthCare_US.closeBrowser(HealthCare_US.java:337)
	at LOB.HealthCare.HealthCare_US.closeBrowser(HealthCare_US.java:337)
	at LOB.HealthCare.HealthCare_US.closeBrowser(HealthCare_US.java:337)
	at LOB.HealthCare.HealthCare_US.closeBrowser(HealthCare_US.java:337)
	at LOB.HealthCare.HealthCare_US.closeBrowser(HealthCare_US.java:337)
	at LOB.HealthCare.HealthCare_US.closeBrowser(HealthCare_US.java:337)
	at LOB.HealthCare.HealthCare_US.closeBrowser(HealthCare_US.java:337)
	at LOB.HealthCare.HealthCare_US.closeBrowser(HealthCare_US.java:337)
	at LOB.HealthCare.HealthCare_US.closeBrowser(HealthCare_US.java:337)
	at LOB.HealthCare.HealthCare_US.closeBrowser(HealthCare_US.java:337)
	at LOB.HealthCare.HealthCare_US.closeBrowser(HealthCare_US.java:337)
	at LOB.HealthCare.HealthCare_US.closeBrowser(HealthCare_US.java:337)
	at LOB.HealthCare.HealthCare_US.closeBrowser(HealthCare_US.java:337)
	at LOB.HealthCare.HealthCare_US.closeBrowser(HealthCare_US.java:337)
	at LOB.HealthCare.HealthCare_US.closeBrowser(HealthCare_US.java:337)
	at LOB.HealthCare.HealthCare_US.closeBrowser(HealthCare_US.java:337)
	at LOB.HealthCare.HealthCare_US.closeBrowser(HealthCare_US.java:337)
	at LOB.HealthCare.HealthCare_US.closeBrowser(HealthCare_US.java:337)
	at LOB.HealthCare.HealthCare_US.closeBrowser(HealthCare_US.java:337)
	at LOB.HealthCare.HealthCare_US.closeBrowser(HealthCare_US.java:337)
	at LOB.HealthCare.HealthCare_US.closeBrowser(HealthCare_US.java:337)
	at LOB.HealthCare.HealthCare_US.closeBrowser(HealthCare_US.java:337)
	at LOB.HealthCare.HealthCare_US.closeBrowser(HealthCare_US.java:337)
	at LOB.HealthCare.HealthCare_US.closeBrowser(HealthCare_US.java:337)
	at LOB.HealthCare.HealthCare_US.closeBrowser(HealthCare_US.java:337)
	at LOB.HealthCare.HealthCare_US.closeBrowser(HealthCare_US.java:337)
	at LOB.HealthCare.HealthCare_US.closeBrowser(HealthCare_US.java:337)
	at LOB.HealthCare.HealthCare_US.closeBrowser(HealthCare_US.java:337)
	at LOB.HealthCare.HealthCare_US.closeBrowser(HealthCare_US.java:337)
	at LOB.HealthCare.HealthCare_US.closeBrowser(HealthCare_US.java:337)
	at LOB.HealthCare.HealthCare_US.closeBrowser(HealthCare_US.java:337)
	at LOB.HealthCare.HealthCare_US.closeBrowser(HealthCare_US.java:337)
	at LOB.HealthCare.HealthCare_US.closeBrowser(HealthCare_US.java:337)
	at LOB.HealthCare.HealthCare_US.closeBrowser(HealthCare_US.java:337)
	at LOB.HealthCare.HealthCare_US.closeBrowser(HealthCare_US.java:337)
	at LOB.HealthCare.HealthCare_US.closeBrowser(HealthCare_US.java:337)
	at LOB.HealthCare.HealthCare_US.closeBrowser(HealthCare_US.java:337)
	at LOB.HealthCare.HealthCare_US.closeBrowser(HealthCare_US.java:337)
	at LOB.HealthCare.HealthCare_US.closeBrowser(HealthCare_US.java:337)
	at LOB.HealthCare.HealthCare_US.closeBrowser(HealthCare_US.java:337)
	at LOB.HealthCare.HealthCare_US.closeBrowser(HealthCare_US.java:337)
	at LOB.HealthCare.HealthCare_US.closeBrowser(HealthCare_US.java:337)
	at LOB.HealthCare.HealthCare_US.closeBrowser(HealthCare_US.java:337)
	at LOB.HealthCare.HealthCare_US.closeBrowser(HealthCare_US.java:337)
	at LOB.HealthCare.HealthCare_US.closeBrowser(HealthCare_US.java:337)
	at LOB.HealthCare.HealthCare_US.closeBrowser(HealthCare_US.java:337)
	at LOB.HealthCare.HealthCare_US.closeBrowser(HealthCare_US.java:337)
	at LOB.HealthCare.HealthCare_US.closeBrowser(HealthCare_US.java:337)
	at LOB.HealthCare.HealthCare_US.closeBrowser(HealthCare_US.java:337)
	at LOB.HealthCare.HealthCare_US.closeBrowser(HealthCare_US.java:337)
	at LOB.HealthCare.HealthCare_US.closeBrowser(HealthCare_US.java:337)
	at LOB.HealthCare.HealthCare_US.closeBrowser(HealthCare_US.java:337)
	at LOB.HealthCare.HealthCare_US.closeBrowser(HealthCare_US.java:337)
	at LOB.HealthCare.HealthCare_US.closeBrowser(HealthCare_US.java:337)
	at LOB.HealthCare.HealthCare_US.closeBrowser(HealthCare_US.java:337)
	at LOB.HealthCare.HealthCare_US.closeBrowser(HealthCare_US.java:337)
	at LOB.HealthCare.HealthCare_US.closeBrowser(HealthCare_US.java:337)
	at LOB.HealthCare.HealthCare_US.closeBrowser(HealthCare_US.java:337)
	at LOB.HealthCare.HealthCare_US.closeBrowser(HealthCare_US.java:337)
	at LOB.HealthCare.HealthCare_US.closeBrowser(HealthCare_US.java:337)
	at LOB.HealthCare.HealthCare_US.closeBrowser(HealthCare_US.java:337)
	at LOB.HealthCare.HealthCare_US.closeBrowser(HealthCare_US.java:337)
	at LOB.HealthCare.HealthCare_US.closeBrowser(HealthCare_US.java:337)
	at LOB.HealthCare.HealthCare_US.closeBrowser(HealthCare_US.java:337)
	at LOB.HealthCare.HealthCare_US.closeBrowser(HealthCare_US.java:337)
	at LOB.HealthCare.HealthCare_US.closeBrowser(HealthCare_US.java:337)
	at LOB.HealthCare.HealthCare_US.closeBrowser(HealthCare_US.java:337)
	at LOB.HealthCare.HealthCare_US.closeBrowser(HealthCare_US.java:337)
	at LOB.HealthCare.HealthCare_US.closeBrowser(HealthCare_US.java:337)
	at LOB.HealthCare.HealthCare_US.closeBrowser(HealthCare_US.java:337)
	at LOB.HealthCare.HealthCare_US.closeBrowser(HealthCare_US.java:337)
	at LOB.HealthCare.HealthCare_US.closeBrowser(HealthCare_US.java:337)
	at LOB.HealthCare.HealthCare_US.closeBrowser(HealthCare_US.java:337)
	at LOB.HealthCare.HealthCare_US.closeBrowser(HealthCare_US.java:337)
	at LOB.HealthCare.HealthCare_US.closeBrowser(HealthCare_US.java:337)
	at LOB.HealthCare.HealthCare_US.closeBrowser(HealthCare_US.java:337)
	at LOB.HealthCare.HealthCare_US.closeBrowser(HealthCare_US.java:337)
	at LOB.HealthCare.HealthCare_US.closeBrowser(HealthCare_US.java:337)
	at LOB.HealthCare.HealthCare_US.closeBrowser(HealthCare_US.java:337)
	at LOB.HealthCare.HealthCare_US.closeBrowser(HealthCare_US.java:337)
	at LOB.HealthCare.HealthCare_US.closeBrowser(HealthCare_US.java:337)
	at LOB.HealthCare.HealthCare_US.closeBrowser(HealthCare_US.java:337)
	at LOB.HealthCare.HealthCare_US.closeBrowser(HealthCare_US.java:337)
	at LOB.HealthCare.HealthCare_US.closeBrowser(HealthCare_US.java:337)
	at LOB.HealthCare.HealthCare_US.closeBrowser(HealthCare_US.java:337)
	at LOB.HealthCare.HealthCare_US.closeBrowser(HealthCare_US.java:337)
	at LOB.HealthCare.HealthCare_US.closeBrowser(HealthCare_US.java:337)
	at LOB.HealthCare.HealthCare_US.closeBrowser(HealthCare_US.java:337)
	at LOB.HealthCare.HealthCare_US.closeBrowser(HealthCare_US.java:337)
	at LOB.HealthCare.HealthCare_US.closeBrowser(HealthCare_US.java:337)
	at LOB.HealthCare.HealthCare_US.closeBrowser(HealthCare_US.java:337)
	at LOB.HealthCare.HealthCare_US.closeBrowser(HealthCare_US.java:337)
	at LOB.HealthCare.HealthCare_US.closeBrowser(HealthCare_US.java:337)
	at LOB.HealthCare.HealthCare_US.closeBrowser(HealthCare_US.java:337)
	at LOB.HealthCare.HealthCare_US.closeBrowser(HealthCare_US.java:337)
	at LOB.HealthCare.HealthCare_US.closeBrowser(HealthCare_US.java:337)
	at LOB.HealthCare.HealthCare_US.closeBrowser(HealthCare_US.java:337)
	at LOB.HealthCare.HealthCare_US.closeBrowser(HealthCare_US.java:337)
	at LOB.HealthCare.HealthCare_US.closeBrowser(HealthCare_US.java:337)
	at LOB.HealthCare.HealthCare_US.closeBrowser(HealthCare_US.java:337)
	at LOB.HealthCare.HealthCare_US.closeBrowser(HealthCare_US.java:337)
	at LOB.HealthCare.HealthCare_US.closeBrowser(HealthCare_US.java:337)
	at LOB.HealthCare.HealthCare_US.closeBrowser(HealthCare_US.java:337)
	at LOB.HealthCare.HealthCare_US.closeBrowser(HealthCare_US.java:337)
	at LOB.HealthCare.HealthCare_US.closeBrowser(HealthCare_US.java:337)
	at LOB.HealthCare.HealthCare_US.closeBrowser(HealthCare_US.java:337)
	at LOB.HealthCare.HealthCare_US.closeBrowser(HealthCare_US.java:337)
	at LOB.HealthCare.HealthCare_US.closeBrowser(HealthCare_US.java:337)
	at LOB.HealthCare.HealthCare_US.closeBrowser(HealthCare_US.java:337)
	at LOB.HealthCare.HealthCare_US.closeBrowser(HealthCare_US.java:337)
	at LOB.HealthCare.HealthCare_US.closeBrowser(HealthCare_US.java:337)
	at LOB.HealthCare.HealthCare_US.closeBrowser(HealthCare_US.java:337)
	at LOB.HealthCare.HealthCare_US.closeBrowser(HealthCare_US.java:337)
	at LOB.HealthCare.HealthCare_US.closeBrowser(HealthCare_US.java:337)
	at LOB.HealthCare.HealthCare_US.closeBrowser(HealthCare_US.java:337)
	at LOB.HealthCare.HealthCare_US.closeBrowser(HealthCare_US.java:337)
	at LOB.HealthCare.HealthCare_US.closeBrowser(HealthCare_US.java:337)
	at LOB.HealthCare.HealthCare_US.closeBrowser(HealthCare_US.java:337)
	at LOB.HealthCare.HealthCare_US.closeBrowser(HealthCare_US.java:337)
	at LOB.HealthCare.HealthCare_US.closeBrowser(HealthCare_US.java:337)
	at LOB.HealthCare.HealthCare_US.closeBrowser(HealthCare_US.java:337)
	at LOB.HealthCare.HealthCare_US.closeBrowser(HealthCare_US.java:337)
	at LOB.HealthCare.HealthCare_US.closeBrowser(HealthCare_US.java:337)
	at LOB.HealthCare.HealthCare_US.closeBrowser(HealthCare_US.java:337)
	at LOB.HealthCare.HealthCare_US.closeBrowser(HealthCare_US.java:337)
	at LOB.HealthCare.HealthCare_US.closeBrowser(HealthCare_US.java:337)
	at LOB.HealthCare.HealthCare_US.closeBrowser(HealthCare_US.java:337)
	at LOB.HealthCare.HealthCare_US.closeBrowser(HealthCare_US.java:337)
	at LOB.HealthCare.HealthCare_US.closeBrowser(HealthCare_US.java:337)
	at LOB.HealthCare.HealthCare_US.closeBrowser(HealthCare_US.java:337)
	at LOB.HealthCare.HealthCare_US.closeBrowser(HealthCare_US.java:337)
	at LOB.HealthCare.HealthCare_US.closeBrowser(HealthCare_US.java:337)
	at LOB.HealthCare.HealthCare_US.closeBrowser(HealthCare_US.java:337)
	at LOB.HealthCare.HealthCare_US.closeBrowser(HealthCare_US.java:337)
	at LOB.HealthCare.HealthCare_US.closeBrowser(HealthCare_US.java:337)
	at LOB.HealthCare.HealthCare_US.closeBrowser(HealthCare_US.java:337)
	at LOB.HealthCare.HealthCare_US.closeBrowser(HealthCare_US.java:337)
	at LOB.HealthCare.HealthCare_US.closeBrowser(HealthCare_US.java:337)
	at LOB.HealthCare.HealthCare_US.closeBrowser(HealthCare_US.java:337)
	at LOB.HealthCare.HealthCare_US.closeBrowser(HealthCare_US.java:337)
	at LOB.HealthCare.HealthCare_US.closeBrowser(HealthCare_US.java:337)
	at LOB.HealthCare.HealthCare_US.closeBrowser(HealthCare_US.java:337)
	at LOB.HealthCare.HealthCare_US.closeBrowser(HealthCare_US.java:337)
	at LOB.HealthCare.HealthCare_US.closeBrowser(HealthCare_US.java:337)
	at LOB.HealthCare.HealthCare_US.closeBrowser(HealthCare_US.java:337)
	at LOB.HealthCare.HealthCare_US.closeBrowser(HealthCare_US.java:337)
	at LOB.HealthCare.HealthCare_US.closeBrowser(HealthCare_US.java:337)
	at LOB.HealthCare.HealthCare_US.closeBrowser(HealthCare_US.java:337)
	at LOB.HealthCare.HealthCare_US.closeBrowser(HealthCare_US.java:337)
	at LOB.HealthCare.HealthCare_US.closeBrowser(HealthCare_US.java:337)
	at LOB.HealthCare.HealthCare_US.closeBrowser(HealthCare_US.java:337)
	at LOB.HealthCare.HealthCare_US.closeBrowser(HealthCare_US.java:337)
	at LOB.HealthCare.HealthCare_US.closeBrowser(HealthCare_US.java:337)
	at LOB.HealthCare.HealthCare_US.closeBrowser(HealthCare_US.java:337)
	at LOB.HealthCare.HealthCare_US.closeBrowser(HealthCare_US.java:337)
	at LOB.HealthCare.HealthCare_US.closeBrowser(HealthCare_US.java:337)
	at LOB.HealthCare.HealthCare_US.closeBrowser(HealthCare_US.java:337)
	at LOB.HealthCare.HealthCare_US.closeBrowser(HealthCare_US.java:337)
	at LOB.HealthCare.HealthCare_US.closeBrowser(HealthCare_US.java:337)
	at LOB.HealthCare.HealthCare_US.closeBrowser(HealthCare_US.java:337)
	at LOB.HealthCare.HealthCare_US.closeBrowser(HealthCare_US.java:337)
	at LOB.HealthCare.HealthCare_US.closeBrowser(HealthCare_US.java:337)
	at LOB.HealthCare.HealthCare_US.closeBrowser(HealthCare_US.java:337)
	at LOB.HealthCare.HealthCare_US.closeBrowser(HealthCare_US.java:337)
	at LOB.HealthCare.HealthCare_US.closeBrowser(HealthCare_US.java:337)
	at LOB.HealthCare.HealthCare_US.closeBrowser(HealthCare_US.java:337)
	at LOB.HealthCare.HealthCare_US.closeBrowser(HealthCare_US.java:337)
	at LOB.HealthCare.HealthCare_US.closeBrowser(HealthCare_US.java:337)
	at LOB.HealthCare.HealthCare_US.closeBrowser(HealthCare_US.java:337)
	at LOB.HealthCare.HealthCare_US.closeBrowser(HealthCare_US.java:337)
	at LOB.HealthCare.HealthCare_US.closeBrowser(HealthCare_US.java:337)
	at LOB.HealthCare.HealthCare_US.closeBrowser(HealthCare_US.java:337)
	at LOB.HealthCare.HealthCare_US.closeBrowser(HealthCare_US.java:337)
	at LOB.HealthCare.HealthCare_US.closeBrowser(HealthCare_US.java:337)
	at LOB.HealthCare.HealthCare_US.closeBrowser(HealthCare_US.java:337)
	at LOB.HealthCare.HealthCare_US.closeBrowser(HealthCare_US.java:337)
	at LOB.HealthCare.HealthCare_US.closeBrowser(HealthCare_US.java:337)
	at LOB.HealthCare.HealthCare_US.closeBrowser(HealthCare_US.java:337)
	at LOB.HealthCare.HealthCare_US.closeBrowser(HealthCare_US.java:337)
	at LOB.HealthCare.HealthCare_US.closeBrowser(HealthCare_US.java:337)
	at LOB.HealthCare.HealthCare_US.closeBrowser(HealthCare_US.java:337)
	at LOB.HealthCare.HealthCare_US.closeBrowser(HealthCare_US.java:337)
	at LOB.HealthCare.HealthCare_US.closeBrowser(HealthCare_US.java:337)
	at LOB.HealthCare.HealthCare_US.closeBrowser(HealthCare_US.java:337)
	at LOB.HealthCare.HealthCare_US.closeBrowser(HealthCare_US.java:337)
	at LOB.HealthCare.HealthCare_US.closeBrowser(HealthCare_US.java:337)
	at LOB.HealthCare.HealthCare_US.closeBrowser(HealthCare_US.java:337)
	at LOB.HealthCare.HealthCare_US.closeBrowser(HealthCare_US.java:337)
	at LOB.HealthCare.HealthCare_US.closeBrowser(HealthCare_US.java:337)
	at LOB.HealthCare.HealthCare_US.closeBrowser(HealthCare_US.java:337)
	at LOB.HealthCare.HealthCare_US.closeBrowser(HealthCare_US.java:337)
	at LOB.HealthCare.HealthCare_US.closeBrowser(HealthCare_US.java:337)
	at LOB.HealthCare.HealthCare_US.closeBrowser(HealthCare_US.java:337)
	at LOB.HealthCare.HealthCare_US.closeBrowser(HealthCare_US.java:337)
	at LOB.HealthCare.HealthCare_US.closeBrowser(HealthCare_US.java:337)
	at LOB.HealthCare.HealthCare_US.closeBrowser(HealthCare_US.java:337)
	at LOB.HealthCare.HealthCare_US.closeBrowser(HealthCare_US.java:337)
	at LOB.HealthCare.HealthCare_US.closeBrowser(HealthCare_US.java:337)
	at LOB.HealthCare.HealthCare_US.closeBrowser(HealthCare_US.java:337)
	at LOB.HealthCare.HealthCare_US.closeBrowser(HealthCare_US.java:337)
	at LOB.HealthCare.HealthCare_US.closeBrowser(HealthCare_US.java:337)
	at LOB.HealthCare.HealthCare_US.closeBrowser(HealthCare_US.java:337)
	at LOB.HealthCare.HealthCare_US.closeBrowser(HealthCare_US.java:337)
	at LOB.HealthCare.HealthCare_US.closeBrowser(HealthCare_US.java:337)
	at LOB.HealthCare.HealthCare_US.closeBrowser(HealthCare_US.java:337)
	at LOB.HealthCare.HealthCare_US.closeBrowser(HealthCare_US.java:337)
	at LOB.HealthCare.HealthCare_US.closeBrowser(HealthCare_US.java:337)
	at LOB.HealthCare.HealthCare_US.closeBrowser(HealthCare_US.java:337)
	at LOB.HealthCare.HealthCare_US.closeBrowser(HealthCare_US.java:337)
	at LOB.HealthCare.HealthCare_US.closeBrowser(HealthCare_US.java:337)
	at LOB.HealthCare.HealthCare_US.closeBrowser(HealthCare_US.java:337)
	at LOB.HealthCare.HealthCare_US.closeBrowser(HealthCare_US.java:337)
	at LOB.HealthCare.HealthCare_US.closeBrowser(HealthCare_US.java:337)
	at LOB.HealthCare.HealthCare_US.closeBrowser(HealthCare_US.java:337)
	at LOB.HealthCare.HealthCare_US.closeBrowser(HealthCare_US.java:337)
	at LOB.HealthCare.HealthCare_US.closeBrowser(HealthCare_US.java:337)
	at LOB.HealthCare.HealthCare_US.closeBrowser(HealthCare_US.java:337)
	at LOB.HealthCare.HealthCare_US.closeBrowser(HealthCare_US.java:337)
	at LOB.HealthCare.HealthCare_US.closeBrowser(HealthCare_US.java:337)
	at LOB.HealthCare.HealthCare_US.closeBrowser(HealthCare_US.java:337)
	at LOB.HealthCare.HealthCare_US.closeBrowser(HealthCare_US.java:337)
	at LOB.HealthCare.HealthCare_US.closeBrowser(HealthCare_US.java:337)
	at LOB.HealthCare.HealthCare_US.closeBrowser(HealthCare_US.java:337)
	at LOB.HealthCare.HealthCare_US.closeBrowser(HealthCare_US.java:337)
	at LOB.HealthCare.HealthCare_US.closeBrowser(HealthCare_US.java:337)
	at LOB.HealthCare.HealthCare_US.closeBrowser(HealthCare_US.java:337)
	at LOB.HealthCare.HealthCare_US.closeBrowser(HealthCare_US.java:337)
	at LOB.HealthCare.HealthCare_US.closeBrowser(HealthCare_US.java:337)
	at LOB.HealthCare.HealthCare_US.closeBrowser(HealthCare_US.java:337)
	at LOB.HealthCare.HealthCare_US.closeBrowser(HealthCare_US.java:337)
	at LOB.HealthCare.HealthCare_US.closeBrowser(HealthCare_US.java:337)
	at LOB.HealthCare.HealthCare_US.closeBrowser(HealthCare_US.java:337)
	at LOB.HealthCare.HealthCare_US.closeBrowser(HealthCare_US.java:337)
	at LOB.HealthCare.HealthCare_US.closeBrowser(HealthCare_US.java:337)
	at LOB.HealthCare.HealthCare_US.closeBrowser(HealthCare_US.java:337)
	at LOB.HealthCare.HealthCare_US.closeBrowser(HealthCare_US.java:337)
	at LOB.HealthCare.HealthCare_US.closeBrowser(HealthCare_US.java:337)
	at LOB.HealthCare.HealthCare_US.closeBrowser(HealthCare_US.java:337)
	at LOB.HealthCare.HealthCare_US.closeBrowser(HealthCare_US.java:337)
	at LOB.HealthCare.HealthCare_US.closeBrowser(HealthCare_US.java:337)
	at LOB.HealthCare.HealthCare_US.closeBrowser(HealthCare_US.java:337)
	at LOB.HealthCare.HealthCare_US.closeBrowser(HealthCare_US.java:337)
	at LOB.HealthCare.HealthCare_US.closeBrowser(HealthCare_US.java:337)
	at LOB.HealthCare.HealthCare_US.closeBrowser(HealthCare_US.java:337)
	at LOB.HealthCare.HealthCare_US.closeBrowser(HealthCare_US.java:337)
	at LOB.HealthCare.HealthCare_US.closeBrowser(HealthCare_US.java:337)
	at LOB.HealthCare.HealthCare_US.closeBrowser(HealthCare_US.java:337)
	at LOB.HealthCare.HealthCare_US.closeBrowser(HealthCare_US.java:337)
	at LOB.HealthCare.HealthCare_US.closeBrowser(HealthCare_US.java:337)
	at LOB.HealthCare.HealthCare_US.closeBrowser(HealthCare_US.java:337)
	at LOB.HealthCare.HealthCare_US.closeBrowser(HealthCare_US.java:337)
	at LOB.HealthCare.HealthCare_US.closeBrowser(HealthCare_US.java:337)
	at LOB.HealthCare.HealthCare_US.closeBrowser(HealthCare_US.java:337)
	at LOB.HealthCare.HealthCare_US.closeBrowser(HealthCare_US.java:337)
	at LOB.HealthCare.HealthCare_US.closeBrowser(HealthCare_US.java:337)
	at LOB.HealthCare.HealthCare_US.closeBrowser(HealthCare_US.java:337)
]]>
    </failure>
  </testcase> <!-- @AfterTest closeBrowser -->
  <testcase name="SuiteOneCaseTwoTest" time="105.054" classname="LOB.HealthCare.HealthCare_US"/>
</testsuite> <!-- HealthCare_US -->
