<?xml version="1.0" encoding="UTF-8"?>
<!-- Generated by org.testng.reporters.JUnitXMLReporter -->
<testsuite hostname="XIDP-IND-APT48" ignored="0" name="Property_US" tests="1" failures="0" timestamp="26 Sep 2017 12:18:40 GMT" time="20.225" errors="0">
  <testcase name="@AfterTest closeBrowser" time="0.001" classname="LOB.Property.Property_US">
    <failure type="java.lang.StackOverflowError">
      <![CDATA[java.lang.StackOverflowError
	at LOB.Property.Property_US.closeBrowser(Property_US.java:321)
	at LOB.Property.Property_US.closeBrowser(Property_US.java:321)
	at LOB.Property.Property_US.closeBrowser(Property_US.java:321)
	at LOB.Property.Property_US.closeBrowser(Property_US.java:321)
	at LOB.Property.Property_US.closeBrowser(Property_US.java:321)
	at LOB.Property.Property_US.closeBrowser(Property_US.java:321)
	at LOB.Property.Property_US.closeBrowser(Property_US.java:321)
	at LOB.Property.Property_US.closeBrowser(Property_US.java:321)
	at LOB.Property.Property_US.closeBrowser(Property_US.java:321)
	at LOB.Property.Property_US.closeBrowser(Property_US.java:321)
	at LOB.Property.Property_US.closeBrowser(Property_US.java:321)
	at LOB.Property.Property_US.closeBrowser(Property_US.java:321)
	at LOB.Property.Property_US.closeBrowser(Property_US.java:321)
	at LOB.Property.Property_US.closeBrowser(Property_US.java:321)
	at LOB.Property.Property_US.closeBrowser(Property_US.java:321)
	at LOB.Property.Property_US.closeBrowser(Property_US.java:321)
	at LOB.Property.Property_US.closeBrowser(Property_US.java:321)
	at LOB.Property.Property_US.closeBrowser(Property_US.java:321)
	at LOB.Property.Property_US.closeBrowser(Property_US.java:321)
	at LOB.Property.Property_US.closeBrowser(Property_US.java:321)
	at LOB.Property.Property_US.closeBrowser(Property_US.java:321)
	at LOB.Property.Property_US.closeBrowser(Property_US.java:321)
	at LOB.Property.Property_US.closeBrowser(Property_US.java:321)
	at LOB.Property.Property_US.closeBrowser(Property_US.java:321)
	at LOB.Property.Property_US.closeBrowser(Property_US.java:321)
	at LOB.Property.Property_US.closeBrowser(Property_US.java:321)
	at LOB.Property.Property_US.closeBrowser(Property_US.java:321)
	at LOB.Property.Property_US.closeBrowser(Property_US.java:321)
	at LOB.Property.Property_US.closeBrowser(Property_US.java:321)
	at LOB.Property.Property_US.closeBrowser(Property_US.java:321)
	at LOB.Property.Property_US.closeBrowser(Property_US.java:321)
	at LOB.Property.Property_US.closeBrowser(Property_US.java:321)
	at LOB.Property.Property_US.closeBrowser(Property_US.java:321)
	at LOB.Property.Property_US.closeBrowser(Property_US.java:321)
	at LOB.Property.Property_US.closeBrowser(Property_US.java:321)
	at LOB.Property.Property_US.closeBrowser(Property_US.java:321)
	at LOB.Property.Property_US.closeBrowser(Property_US.java:321)
	at LOB.Property.Property_US.closeBrowser(Property_US.java:321)
	at LOB.Property.Property_US.closeBrowser(Property_US.java:321)
	at LOB.Property.Property_US.closeBrowser(Property_US.java:321)
	at LOB.Property.Property_US.closeBrowser(Property_US.java:321)
	at LOB.Property.Property_US.closeBrowser(Property_US.java:321)
	at LOB.Property.Property_US.closeBrowser(Property_US.java:321)
	at LOB.Property.Property_US.closeBrowser(Property_US.java:321)
	at LOB.Property.Property_US.closeBrowser(Property_US.java:321)
	at LOB.Property.Property_US.closeBrowser(Property_US.java:321)
	at LOB.Property.Property_US.closeBrowser(Property_US.java:321)
	at LOB.Property.Property_US.closeBrowser(Property_US.java:321)
	at LOB.Property.Property_US.closeBrowser(Property_US.java:321)
	at LOB.Property.Property_US.closeBrowser(Property_US.java:321)
	at LOB.Property.Property_US.closeBrowser(Property_US.java:321)
	at LOB.Property.Property_US.closeBrowser(Property_US.java:321)
	at LOB.Property.Property_US.closeBrowser(Property_US.java:321)
	at LOB.Property.Property_US.closeBrowser(Property_US.java:321)
	at LOB.Property.Property_US.closeBrowser(Property_US.java:321)
	at LOB.Property.Property_US.closeBrowser(Property_US.java:321)
	at LOB.Property.Property_US.closeBrowser(Property_US.java:321)
	at LOB.Property.Property_US.closeBrowser(Property_US.java:321)
	at LOB.Property.Property_US.closeBrowser(Property_US.java:321)
	at LOB.Property.Property_US.closeBrowser(Property_US.java:321)
	at LOB.Property.Property_US.closeBrowser(Property_US.java:321)
	at LOB.Property.Property_US.closeBrowser(Property_US.java:321)
	at LOB.Property.Property_US.closeBrowser(Property_US.java:321)
	at LOB.Property.Property_US.closeBrowser(Property_US.java:321)
	at LOB.Property.Property_US.closeBrowser(Property_US.java:321)
	at LOB.Property.Property_US.closeBrowser(Property_US.java:321)
	at LOB.Property.Property_US.closeBrowser(Property_US.java:321)
	at LOB.Property.Property_US.closeBrowser(Property_US.java:321)
	at LOB.Property.Property_US.closeBrowser(Property_US.java:321)
	at LOB.Property.Property_US.closeBrowser(Property_US.java:321)
	at LOB.Property.Property_US.closeBrowser(Property_US.java:321)
	at LOB.Property.Property_US.closeBrowser(Property_US.java:321)
	at LOB.Property.Property_US.closeBrowser(Property_US.java:321)
	at LOB.Property.Property_US.closeBrowser(Property_US.java:321)
	at LOB.Property.Property_US.closeBrowser(Property_US.java:321)
	at LOB.Property.Property_US.closeBrowser(Property_US.java:321)
	at LOB.Property.Property_US.closeBrowser(Property_US.java:321)
	at LOB.Property.Property_US.closeBrowser(Property_US.java:321)
	at LOB.Property.Property_US.closeBrowser(Property_US.java:321)
	at LOB.Property.Property_US.closeBrowser(Property_US.java:321)
	at LOB.Property.Property_US.closeBrowser(Property_US.java:321)
	at LOB.Property.Property_US.closeBrowser(Property_US.java:321)
	at LOB.Property.Property_US.closeBrowser(Property_US.java:321)
	at LOB.Property.Property_US.closeBrowser(Property_US.java:321)
	at LOB.Property.Property_US.closeBrowser(Property_US.java:321)
	at LOB.Property.Property_US.closeBrowser(Property_US.java:321)
	at LOB.Property.Property_US.closeBrowser(Property_US.java:321)
	at LOB.Property.Property_US.closeBrowser(Property_US.java:321)
	at LOB.Property.Property_US.closeBrowser(Property_US.java:321)
	at LOB.Property.Property_US.closeBrowser(Property_US.java:321)
	at LOB.Property.Property_US.closeBrowser(Property_US.java:321)
	at LOB.Property.Property_US.closeBrowser(Property_US.java:321)
	at LOB.Property.Property_US.closeBrowser(Property_US.java:321)
	at LOB.Property.Property_US.closeBrowser(Property_US.java:321)
	at LOB.Property.Property_US.closeBrowser(Property_US.java:321)
	at LOB.Property.Property_US.closeBrowser(Property_US.java:321)
	at LOB.Property.Property_US.closeBrowser(Property_US.java:321)
	at LOB.Property.Property_US.closeBrowser(Property_US.java:321)
	at LOB.Property.Property_US.closeBrowser(Property_US.java:321)
	at LOB.Property.Property_US.closeBrowser(Property_US.java:321)
	at LOB.Property.Property_US.closeBrowser(Property_US.java:321)
	at LOB.Property.Property_US.closeBrowser(Property_US.java:321)
	at LOB.Property.Property_US.closeBrowser(Property_US.java:321)
	at LOB.Property.Property_US.closeBrowser(Property_US.java:321)
	at LOB.Property.Property_US.closeBrowser(Property_US.java:321)
	at LOB.Property.Property_US.closeBrowser(Property_US.java:321)
	at LOB.Property.Property_US.closeBrowser(Property_US.java:321)
	at LOB.Property.Property_US.closeBrowser(Property_US.java:321)
	at LOB.Property.Property_US.closeBrowser(Property_US.java:321)
	at LOB.Property.Property_US.closeBrowser(Property_US.java:321)
	at LOB.Property.Property_US.closeBrowser(Property_US.java:321)
	at LOB.Property.Property_US.closeBrowser(Property_US.java:321)
	at LOB.Property.Property_US.closeBrowser(Property_US.java:321)
	at LOB.Property.Property_US.closeBrowser(Property_US.java:321)
	at LOB.Property.Property_US.closeBrowser(Property_US.java:321)
	at LOB.Property.Property_US.closeBrowser(Property_US.java:321)
	at LOB.Property.Property_US.closeBrowser(Property_US.java:321)
	at LOB.Property.Property_US.closeBrowser(Property_US.java:321)
	at LOB.Property.Property_US.closeBrowser(Property_US.java:321)
	at LOB.Property.Property_US.closeBrowser(Property_US.java:321)
	at LOB.Property.Property_US.closeBrowser(Property_US.java:321)
	at LOB.Property.Property_US.closeBrowser(Property_US.java:321)
	at LOB.Property.Property_US.closeBrowser(Property_US.java:321)
	at LOB.Property.Property_US.closeBrowser(Property_US.java:321)
	at LOB.Property.Property_US.closeBrowser(Property_US.java:321)
	at LOB.Property.Property_US.closeBrowser(Property_US.java:321)
	at LOB.Property.Property_US.closeBrowser(Property_US.java:321)
	at LOB.Property.Property_US.closeBrowser(Property_US.java:321)
	at LOB.Property.Property_US.closeBrowser(Property_US.java:321)
	at LOB.Property.Property_US.closeBrowser(Property_US.java:321)
	at LOB.Property.Property_US.closeBrowser(Property_US.java:321)
	at LOB.Property.Property_US.closeBrowser(Property_US.java:321)
	at LOB.Property.Property_US.closeBrowser(Property_US.java:321)
	at LOB.Property.Property_US.closeBrowser(Property_US.java:321)
	at LOB.Property.Property_US.closeBrowser(Property_US.java:321)
	at LOB.Property.Property_US.closeBrowser(Property_US.java:321)
	at LOB.Property.Property_US.closeBrowser(Property_US.java:321)
	at LOB.Property.Property_US.closeBrowser(Property_US.java:321)
	at LOB.Property.Property_US.closeBrowser(Property_US.java:321)
	at LOB.Property.Property_US.closeBrowser(Property_US.java:321)
	at LOB.Property.Property_US.closeBrowser(Property_US.java:321)
	at LOB.Property.Property_US.closeBrowser(Property_US.java:321)
	at LOB.Property.Property_US.closeBrowser(Property_US.java:321)
	at LOB.Property.Property_US.closeBrowser(Property_US.java:321)
	at LOB.Property.Property_US.closeBrowser(Property_US.java:321)
	at LOB.Property.Property_US.closeBrowser(Property_US.java:321)
	at LOB.Property.Property_US.closeBrowser(Property_US.java:321)
	at LOB.Property.Property_US.closeBrowser(Property_US.java:321)
	at LOB.Property.Property_US.closeBrowser(Property_US.java:321)
	at LOB.Property.Property_US.closeBrowser(Property_US.java:321)
	at LOB.Property.Property_US.closeBrowser(Property_US.java:321)
	at LOB.Property.Property_US.closeBrowser(Property_US.java:321)
	at LOB.Property.Property_US.closeBrowser(Property_US.java:321)
	at LOB.Property.Property_US.closeBrowser(Property_US.java:321)
	at LOB.Property.Property_US.closeBrowser(Property_US.java:321)
	at LOB.Property.Property_US.closeBrowser(Property_US.java:321)
	at LOB.Property.Property_US.closeBrowser(Property_US.java:321)
	at LOB.Property.Property_US.closeBrowser(Property_US.java:321)
	at LOB.Property.Property_US.closeBrowser(Property_US.java:321)
	at LOB.Property.Property_US.closeBrowser(Property_US.java:321)
	at LOB.Property.Property_US.closeBrowser(Property_US.java:321)
	at LOB.Property.Property_US.closeBrowser(Property_US.java:321)
	at LOB.Property.Property_US.closeBrowser(Property_US.java:321)
	at LOB.Property.Property_US.closeBrowser(Property_US.java:321)
	at LOB.Property.Property_US.closeBrowser(Property_US.java:321)
	at LOB.Property.Property_US.closeBrowser(Property_US.java:321)
	at LOB.Property.Property_US.closeBrowser(Property_US.java:321)
	at LOB.Property.Property_US.closeBrowser(Property_US.java:321)
	at LOB.Property.Property_US.closeBrowser(Property_US.java:321)
	at LOB.Property.Property_US.closeBrowser(Property_US.java:321)
	at LOB.Property.Property_US.closeBrowser(Property_US.java:321)
	at LOB.Property.Property_US.closeBrowser(Property_US.java:321)
	at LOB.Property.Property_US.closeBrowser(Property_US.java:321)
	at LOB.Property.Property_US.closeBrowser(Property_US.java:321)
	at LOB.Property.Property_US.closeBrowser(Property_US.java:321)
	at LOB.Property.Property_US.closeBrowser(Property_US.java:321)
	at LOB.Property.Property_US.closeBrowser(Property_US.java:321)
	at LOB.Property.Property_US.closeBrowser(Property_US.java:321)
	at LOB.Property.Property_US.closeBrowser(Property_US.java:321)
	at LOB.Property.Property_US.closeBrowser(Property_US.java:321)
	at LOB.Property.Property_US.closeBrowser(Property_US.java:321)
	at LOB.Property.Property_US.closeBrowser(Property_US.java:321)
	at LOB.Property.Property_US.closeBrowser(Property_US.java:321)
	at LOB.Property.Property_US.closeBrowser(Property_US.java:321)
	at LOB.Property.Property_US.closeBrowser(Property_US.java:321)
	at LOB.Property.Property_US.closeBrowser(Property_US.java:321)
	at LOB.Property.Property_US.closeBrowser(Property_US.java:321)
	at LOB.Property.Property_US.closeBrowser(Property_US.java:321)
	at LOB.Property.Property_US.closeBrowser(Property_US.java:321)
	at LOB.Property.Property_US.closeBrowser(Property_US.java:321)
	at LOB.Property.Property_US.closeBrowser(Property_US.java:321)
	at LOB.Property.Property_US.closeBrowser(Property_US.java:321)
	at LOB.Property.Property_US.closeBrowser(Property_US.java:321)
	at LOB.Property.Property_US.closeBrowser(Property_US.java:321)
	at LOB.Property.Property_US.closeBrowser(Property_US.java:321)
	at LOB.Property.Property_US.closeBrowser(Property_US.java:321)
	at LOB.Property.Property_US.closeBrowser(Property_US.java:321)
	at LOB.Property.Property_US.closeBrowser(Property_US.java:321)
	at LOB.Property.Property_US.closeBrowser(Property_US.java:321)
	at LOB.Property.Property_US.closeBrowser(Property_US.java:321)
	at LOB.Property.Property_US.closeBrowser(Property_US.java:321)
	at LOB.Property.Property_US.closeBrowser(Property_US.java:321)
	at LOB.Property.Property_US.closeBrowser(Property_US.java:321)
	at LOB.Property.Property_US.closeBrowser(Property_US.java:321)
	at LOB.Property.Property_US.closeBrowser(Property_US.java:321)
	at LOB.Property.Property_US.closeBrowser(Property_US.java:321)
	at LOB.Property.Property_US.closeBrowser(Property_US.java:321)
	at LOB.Property.Property_US.closeBrowser(Property_US.java:321)
	at LOB.Property.Property_US.closeBrowser(Property_US.java:321)
	at LOB.Property.Property_US.closeBrowser(Property_US.java:321)
	at LOB.Property.Property_US.closeBrowser(Property_US.java:321)
	at LOB.Property.Property_US.closeBrowser(Property_US.java:321)
	at LOB.Property.Property_US.closeBrowser(Property_US.java:321)
	at LOB.Property.Property_US.closeBrowser(Property_US.java:321)
	at LOB.Property.Property_US.closeBrowser(Property_US.java:321)
	at LOB.Property.Property_US.closeBrowser(Property_US.java:321)
	at LOB.Property.Property_US.closeBrowser(Property_US.java:321)
	at LOB.Property.Property_US.closeBrowser(Property_US.java:321)
	at LOB.Property.Property_US.closeBrowser(Property_US.java:321)
	at LOB.Property.Property_US.closeBrowser(Property_US.java:321)
	at LOB.Property.Property_US.closeBrowser(Property_US.java:321)
	at LOB.Property.Property_US.closeBrowser(Property_US.java:321)
	at LOB.Property.Property_US.closeBrowser(Property_US.java:321)
	at LOB.Property.Property_US.closeBrowser(Property_US.java:321)
	at LOB.Property.Property_US.closeBrowser(Property_US.java:321)
	at LOB.Property.Property_US.closeBrowser(Property_US.java:321)
	at LOB.Property.Property_US.closeBrowser(Property_US.java:321)
	at LOB.Property.Property_US.closeBrowser(Property_US.java:321)
	at LOB.Property.Property_US.closeBrowser(Property_US.java:321)
	at LOB.Property.Property_US.closeBrowser(Property_US.java:321)
	at LOB.Property.Property_US.closeBrowser(Property_US.java:321)
	at LOB.Property.Property_US.closeBrowser(Property_US.java:321)
	at LOB.Property.Property_US.closeBrowser(Property_US.java:321)
	at LOB.Property.Property_US.closeBrowser(Property_US.java:321)
	at LOB.Property.Property_US.closeBrowser(Property_US.java:321)
	at LOB.Property.Property_US.closeBrowser(Property_US.java:321)
	at LOB.Property.Property_US.closeBrowser(Property_US.java:321)
	at LOB.Property.Property_US.closeBrowser(Property_US.java:321)
	at LOB.Property.Property_US.closeBrowser(Property_US.java:321)
	at LOB.Property.Property_US.closeBrowser(Property_US.java:321)
	at LOB.Property.Property_US.closeBrowser(Property_US.java:321)
	at LOB.Property.Property_US.closeBrowser(Property_US.java:321)
	at LOB.Property.Property_US.closeBrowser(Property_US.java:321)
	at LOB.Property.Property_US.closeBrowser(Property_US.java:321)
	at LOB.Property.Property_US.closeBrowser(Property_US.java:321)
	at LOB.Property.Property_US.closeBrowser(Property_US.java:321)
	at LOB.Property.Property_US.closeBrowser(Property_US.java:321)
	at LOB.Property.Property_US.closeBrowser(Property_US.java:321)
	at LOB.Property.Property_US.closeBrowser(Property_US.java:321)
	at LOB.Property.Property_US.closeBrowser(Property_US.java:321)
	at LOB.Property.Property_US.closeBrowser(Property_US.java:321)
	at LOB.Property.Property_US.closeBrowser(Property_US.java:321)
	at LOB.Property.Property_US.closeBrowser(Property_US.java:321)
	at LOB.Property.Property_US.closeBrowser(Property_US.java:321)
	at LOB.Property.Property_US.closeBrowser(Property_US.java:321)
	at LOB.Property.Property_US.closeBrowser(Property_US.java:321)
	at LOB.Property.Property_US.closeBrowser(Property_US.java:321)
	at LOB.Property.Property_US.closeBrowser(Property_US.java:321)
	at LOB.Property.Property_US.closeBrowser(Property_US.java:321)
	at LOB.Property.Property_US.closeBrowser(Property_US.java:321)
	at LOB.Property.Property_US.closeBrowser(Property_US.java:321)
	at LOB.Property.Property_US.closeBrowser(Property_US.java:321)
	at LOB.Property.Property_US.closeBrowser(Property_US.java:321)
	at LOB.Property.Property_US.closeBrowser(Property_US.java:321)
	at LOB.Property.Property_US.closeBrowser(Property_US.java:321)
	at LOB.Property.Property_US.closeBrowser(Property_US.java:321)
	at LOB.Property.Property_US.closeBrowser(Property_US.java:321)
	at LOB.Property.Property_US.closeBrowser(Property_US.java:321)
	at LOB.Property.Property_US.closeBrowser(Property_US.java:321)
	at LOB.Property.Property_US.closeBrowser(Property_US.java:321)
	at LOB.Property.Property_US.closeBrowser(Property_US.java:321)
	at LOB.Property.Property_US.closeBrowser(Property_US.java:321)
	at LOB.Property.Property_US.closeBrowser(Property_US.java:321)
	at LOB.Property.Property_US.closeBrowser(Property_US.java:321)
	at LOB.Property.Property_US.closeBrowser(Property_US.java:321)
	at LOB.Property.Property_US.closeBrowser(Property_US.java:321)
	at LOB.Property.Property_US.closeBrowser(Property_US.java:321)
	at LOB.Property.Property_US.closeBrowser(Property_US.java:321)
	at LOB.Property.Property_US.closeBrowser(Property_US.java:321)
	at LOB.Property.Property_US.closeBrowser(Property_US.java:321)
	at LOB.Property.Property_US.closeBrowser(Property_US.java:321)
	at LOB.Property.Property_US.closeBrowser(Property_US.java:321)
	at LOB.Property.Property_US.closeBrowser(Property_US.java:321)
	at LOB.Property.Property_US.closeBrowser(Property_US.java:321)
	at LOB.Property.Property_US.closeBrowser(Property_US.java:321)
	at LOB.Property.Property_US.closeBrowser(Property_US.java:321)
	at LOB.Property.Property_US.closeBrowser(Property_US.java:321)
	at LOB.Property.Property_US.closeBrowser(Property_US.java:321)
	at LOB.Property.Property_US.closeBrowser(Property_US.java:321)
	at LOB.Property.Property_US.closeBrowser(Property_US.java:321)
	at LOB.Property.Property_US.closeBrowser(Property_US.java:321)
	at LOB.Property.Property_US.closeBrowser(Property_US.java:321)
	at LOB.Property.Property_US.closeBrowser(Property_US.java:321)
	at LOB.Property.Property_US.closeBrowser(Property_US.java:321)
	at LOB.Property.Property_US.closeBrowser(Property_US.java:321)
	at LOB.Property.Property_US.closeBrowser(Property_US.java:321)
	at LOB.Property.Property_US.closeBrowser(Property_US.java:321)
	at LOB.Property.Property_US.closeBrowser(Property_US.java:321)
	at LOB.Property.Property_US.closeBrowser(Property_US.java:321)
	at LOB.Property.Property_US.closeBrowser(Property_US.java:321)
	at LOB.Property.Property_US.closeBrowser(Property_US.java:321)
	at LOB.Property.Property_US.closeBrowser(Property_US.java:321)
	at LOB.Property.Property_US.closeBrowser(Property_US.java:321)
	at LOB.Property.Property_US.closeBrowser(Property_US.java:321)
	at LOB.Property.Property_US.closeBrowser(Property_US.java:321)
	at LOB.Property.Property_US.closeBrowser(Property_US.java:321)
	at LOB.Property.Property_US.closeBrowser(Property_US.java:321)
	at LOB.Property.Property_US.closeBrowser(Property_US.java:321)
	at LOB.Property.Property_US.closeBrowser(Property_US.java:321)
	at LOB.Property.Property_US.closeBrowser(Property_US.java:321)
	at LOB.Property.Property_US.closeBrowser(Property_US.java:321)
	at LOB.Property.Property_US.closeBrowser(Property_US.java:321)
	at LOB.Property.Property_US.closeBrowser(Property_US.java:321)
	at LOB.Property.Property_US.closeBrowser(Property_US.java:321)
	at LOB.Property.Property_US.closeBrowser(Property_US.java:321)
	at LOB.Property.Property_US.closeBrowser(Property_US.java:321)
	at LOB.Property.Property_US.closeBrowser(Property_US.java:321)
	at LOB.Property.Property_US.closeBrowser(Property_US.java:321)
	at LOB.Property.Property_US.closeBrowser(Property_US.java:321)
	at LOB.Property.Property_US.closeBrowser(Property_US.java:321)
	at LOB.Property.Property_US.closeBrowser(Property_US.java:321)
	at LOB.Property.Property_US.closeBrowser(Property_US.java:321)
	at LOB.Property.Property_US.closeBrowser(Property_US.java:321)
	at LOB.Property.Property_US.closeBrowser(Property_US.java:321)
	at LOB.Property.Property_US.closeBrowser(Property_US.java:321)
	at LOB.Property.Property_US.closeBrowser(Property_US.java:321)
	at LOB.Property.Property_US.closeBrowser(Property_US.java:321)
	at LOB.Property.Property_US.closeBrowser(Property_US.java:321)
	at LOB.Property.Property_US.closeBrowser(Property_US.java:321)
	at LOB.Property.Property_US.closeBrowser(Property_US.java:321)
	at LOB.Property.Property_US.closeBrowser(Property_US.java:321)
	at LOB.Property.Property_US.closeBrowser(Property_US.java:321)
	at LOB.Property.Property_US.closeBrowser(Property_US.java:321)
	at LOB.Property.Property_US.closeBrowser(Property_US.java:321)
	at LOB.Property.Property_US.closeBrowser(Property_US.java:321)
	at LOB.Property.Property_US.closeBrowser(Property_US.java:321)
	at LOB.Property.Property_US.closeBrowser(Property_US.java:321)
	at LOB.Property.Property_US.closeBrowser(Property_US.java:321)
	at LOB.Property.Property_US.closeBrowser(Property_US.java:321)
	at LOB.Property.Property_US.closeBrowser(Property_US.java:321)
	at LOB.Property.Property_US.closeBrowser(Property_US.java:321)
	at LOB.Property.Property_US.closeBrowser(Property_US.java:321)
	at LOB.Property.Property_US.closeBrowser(Property_US.java:321)
	at LOB.Property.Property_US.closeBrowser(Property_US.java:321)
	at LOB.Property.Property_US.closeBrowser(Property_US.java:321)
	at LOB.Property.Property_US.closeBrowser(Property_US.java:321)
	at LOB.Property.Property_US.closeBrowser(Property_US.java:321)
	at LOB.Property.Property_US.closeBrowser(Property_US.java:321)
	at LOB.Property.Property_US.closeBrowser(Property_US.java:321)
	at LOB.Property.Property_US.closeBrowser(Property_US.java:321)
	at LOB.Property.Property_US.closeBrowser(Property_US.java:321)
	at LOB.Property.Property_US.closeBrowser(Property_US.java:321)
	at LOB.Property.Property_US.closeBrowser(Property_US.java:321)
	at LOB.Property.Property_US.closeBrowser(Property_US.java:321)
	at LOB.Property.Property_US.closeBrowser(Property_US.java:321)
	at LOB.Property.Property_US.closeBrowser(Property_US.java:321)
	at LOB.Property.Property_US.closeBrowser(Property_US.java:321)
	at LOB.Property.Property_US.closeBrowser(Property_US.java:321)
	at LOB.Property.Property_US.closeBrowser(Property_US.java:321)
	at LOB.Property.Property_US.closeBrowser(Property_US.java:321)
	at LOB.Property.Property_US.closeBrowser(Property_US.java:321)
	at LOB.Property.Property_US.closeBrowser(Property_US.java:321)
	at LOB.Property.Property_US.closeBrowser(Property_US.java:321)
	at LOB.Property.Property_US.closeBrowser(Property_US.java:321)
	at LOB.Property.Property_US.closeBrowser(Property_US.java:321)
	at LOB.Property.Property_US.closeBrowser(Property_US.java:321)
	at LOB.Property.Property_US.closeBrowser(Property_US.java:321)
	at LOB.Property.Property_US.closeBrowser(Property_US.java:321)
	at LOB.Property.Property_US.closeBrowser(Property_US.java:321)
	at LOB.Property.Property_US.closeBrowser(Property_US.java:321)
	at LOB.Property.Property_US.closeBrowser(Property_US.java:321)
	at LOB.Property.Property_US.closeBrowser(Property_US.java:321)
	at LOB.Property.Property_US.closeBrowser(Property_US.java:321)
	at LOB.Property.Property_US.closeBrowser(Property_US.java:321)
	at LOB.Property.Property_US.closeBrowser(Property_US.java:321)
	at LOB.Property.Property_US.closeBrowser(Property_US.java:321)
	at LOB.Property.Property_US.closeBrowser(Property_US.java:321)
	at LOB.Property.Property_US.closeBrowser(Property_US.java:321)
	at LOB.Property.Property_US.closeBrowser(Property_US.java:321)
	at LOB.Property.Property_US.closeBrowser(Property_US.java:321)
	at LOB.Property.Property_US.closeBrowser(Property_US.java:321)
	at LOB.Property.Property_US.closeBrowser(Property_US.java:321)
	at LOB.Property.Property_US.closeBrowser(Property_US.java:321)
	at LOB.Property.Property_US.closeBrowser(Property_US.java:321)
	at LOB.Property.Property_US.closeBrowser(Property_US.java:321)
	at LOB.Property.Property_US.closeBrowser(Property_US.java:321)
	at LOB.Property.Property_US.closeBrowser(Property_US.java:321)
	at LOB.Property.Property_US.closeBrowser(Property_US.java:321)
	at LOB.Property.Property_US.closeBrowser(Property_US.java:321)
	at LOB.Property.Property_US.closeBrowser(Property_US.java:321)
	at LOB.Property.Property_US.closeBrowser(Property_US.java:321)
	at LOB.Property.Property_US.closeBrowser(Property_US.java:321)
	at LOB.Property.Property_US.closeBrowser(Property_US.java:321)
	at LOB.Property.Property_US.closeBrowser(Property_US.java:321)
	at LOB.Property.Property_US.closeBrowser(Property_US.java:321)
	at LOB.Property.Property_US.closeBrowser(Property_US.java:321)
	at LOB.Property.Property_US.closeBrowser(Property_US.java:321)
	at LOB.Property.Property_US.closeBrowser(Property_US.java:321)
	at LOB.Property.Property_US.closeBrowser(Property_US.java:321)
	at LOB.Property.Property_US.closeBrowser(Property_US.java:321)
	at LOB.Property.Property_US.closeBrowser(Property_US.java:321)
	at LOB.Property.Property_US.closeBrowser(Property_US.java:321)
	at LOB.Property.Property_US.closeBrowser(Property_US.java:321)
	at LOB.Property.Property_US.closeBrowser(Property_US.java:321)
	at LOB.Property.Property_US.closeBrowser(Property_US.java:321)
	at LOB.Property.Property_US.closeBrowser(Property_US.java:321)
	at LOB.Property.Property_US.closeBrowser(Property_US.java:321)
	at LOB.Property.Property_US.closeBrowser(Property_US.java:321)
	at LOB.Property.Property_US.closeBrowser(Property_US.java:321)
	at LOB.Property.Property_US.closeBrowser(Property_US.java:321)
	at LOB.Property.Property_US.closeBrowser(Property_US.java:321)
	at LOB.Property.Property_US.closeBrowser(Property_US.java:321)
	at LOB.Property.Property_US.closeBrowser(Property_US.java:321)
	at LOB.Property.Property_US.closeBrowser(Property_US.java:321)
	at LOB.Property.Property_US.closeBrowser(Property_US.java:321)
	at LOB.Property.Property_US.closeBrowser(Property_US.java:321)
	at LOB.Property.Property_US.closeBrowser(Property_US.java:321)
	at LOB.Property.Property_US.closeBrowser(Property_US.java:321)
	at LOB.Property.Property_US.closeBrowser(Property_US.java:321)
	at LOB.Property.Property_US.closeBrowser(Property_US.java:321)
	at LOB.Property.Property_US.closeBrowser(Property_US.java:321)
	at LOB.Property.Property_US.closeBrowser(Property_US.java:321)
	at LOB.Property.Property_US.closeBrowser(Property_US.java:321)
	at LOB.Property.Property_US.closeBrowser(Property_US.java:321)
	at LOB.Property.Property_US.closeBrowser(Property_US.java:321)
	at LOB.Property.Property_US.closeBrowser(Property_US.java:321)
	at LOB.Property.Property_US.closeBrowser(Property_US.java:321)
	at LOB.Property.Property_US.closeBrowser(Property_US.java:321)
	at LOB.Property.Property_US.closeBrowser(Property_US.java:321)
	at LOB.Property.Property_US.closeBrowser(Property_US.java:321)
	at LOB.Property.Property_US.closeBrowser(Property_US.java:321)
	at LOB.Property.Property_US.closeBrowser(Property_US.java:321)
	at LOB.Property.Property_US.closeBrowser(Property_US.java:321)
	at LOB.Property.Property_US.closeBrowser(Property_US.java:321)
	at LOB.Property.Property_US.closeBrowser(Property_US.java:321)
	at LOB.Property.Property_US.closeBrowser(Property_US.java:321)
	at LOB.Property.Property_US.closeBrowser(Property_US.java:321)
	at LOB.Property.Property_US.closeBrowser(Property_US.java:321)
	at LOB.Property.Property_US.closeBrowser(Property_US.java:321)
	at LOB.Property.Property_US.closeBrowser(Property_US.java:321)
	at LOB.Property.Property_US.closeBrowser(Property_US.java:321)
	at LOB.Property.Property_US.closeBrowser(Property_US.java:321)
	at LOB.Property.Property_US.closeBrowser(Property_US.java:321)
	at LOB.Property.Property_US.closeBrowser(Property_US.java:321)
	at LOB.Property.Property_US.closeBrowser(Property_US.java:321)
	at LOB.Property.Property_US.closeBrowser(Property_US.java:321)
	at LOB.Property.Property_US.closeBrowser(Property_US.java:321)
	at LOB.Property.Property_US.closeBrowser(Property_US.java:321)
	at LOB.Property.Property_US.closeBrowser(Property_US.java:321)
	at LOB.Property.Property_US.closeBrowser(Property_US.java:321)
	at LOB.Property.Property_US.closeBrowser(Property_US.java:321)
	at LOB.Property.Property_US.closeBrowser(Property_US.java:321)
	at LOB.Property.Property_US.closeBrowser(Property_US.java:321)
	at LOB.Property.Property_US.closeBrowser(Property_US.java:321)
	at LOB.Property.Property_US.closeBrowser(Property_US.java:321)
	at LOB.Property.Property_US.closeBrowser(Property_US.java:321)
	at LOB.Property.Property_US.closeBrowser(Property_US.java:321)
	at LOB.Property.Property_US.closeBrowser(Property_US.java:321)
	at LOB.Property.Property_US.closeBrowser(Property_US.java:321)
	at LOB.Property.Property_US.closeBrowser(Property_US.java:321)
	at LOB.Property.Property_US.closeBrowser(Property_US.java:321)
	at LOB.Property.Property_US.closeBrowser(Property_US.java:321)
	at LOB.Property.Property_US.closeBrowser(Property_US.java:321)
	at LOB.Property.Property_US.closeBrowser(Property_US.java:321)
	at LOB.Property.Property_US.closeBrowser(Property_US.java:321)
	at LOB.Property.Property_US.closeBrowser(Property_US.java:321)
	at LOB.Property.Property_US.closeBrowser(Property_US.java:321)
	at LOB.Property.Property_US.closeBrowser(Property_US.java:321)
	at LOB.Property.Property_US.closeBrowser(Property_US.java:321)
	at LOB.Property.Property_US.closeBrowser(Property_US.java:321)
	at LOB.Property.Property_US.closeBrowser(Property_US.java:321)
	at LOB.Property.Property_US.closeBrowser(Property_US.java:321)
	at LOB.Property.Property_US.closeBrowser(Property_US.java:321)
	at LOB.Property.Property_US.closeBrowser(Property_US.java:321)
	at LOB.Property.Property_US.closeBrowser(Property_US.java:321)
	at LOB.Property.Property_US.closeBrowser(Property_US.java:321)
	at LOB.Property.Property_US.closeBrowser(Property_US.java:321)
	at LOB.Property.Property_US.closeBrowser(Property_US.java:321)
	at LOB.Property.Property_US.closeBrowser(Property_US.java:321)
	at LOB.Property.Property_US.closeBrowser(Property_US.java:321)
	at LOB.Property.Property_US.closeBrowser(Property_US.java:321)
	at LOB.Property.Property_US.closeBrowser(Property_US.java:321)
	at LOB.Property.Property_US.closeBrowser(Property_US.java:321)
	at LOB.Property.Property_US.closeBrowser(Property_US.java:321)
	at LOB.Property.Property_US.closeBrowser(Property_US.java:321)
	at LOB.Property.Property_US.closeBrowser(Property_US.java:321)
	at LOB.Property.Property_US.closeBrowser(Property_US.java:321)
	at LOB.Property.Property_US.closeBrowser(Property_US.java:321)
	at LOB.Property.Property_US.closeBrowser(Property_US.java:321)
	at LOB.Property.Property_US.closeBrowser(Property_US.java:321)
	at LOB.Property.Property_US.closeBrowser(Property_US.java:321)
	at LOB.Property.Property_US.closeBrowser(Property_US.java:321)
	at LOB.Property.Property_US.closeBrowser(Property_US.java:321)
	at LOB.Property.Property_US.closeBrowser(Property_US.java:321)
	at LOB.Property.Property_US.closeBrowser(Property_US.java:321)
	at LOB.Property.Property_US.closeBrowser(Property_US.java:321)
	at LOB.Property.Property_US.closeBrowser(Property_US.java:321)
	at LOB.Property.Property_US.closeBrowser(Property_US.java:321)
	at LOB.Property.Property_US.closeBrowser(Property_US.java:321)
	at LOB.Property.Property_US.closeBrowser(Property_US.java:321)
	at LOB.Property.Property_US.closeBrowser(Property_US.java:321)
	at LOB.Property.Property_US.closeBrowser(Property_US.java:321)
	at LOB.Property.Property_US.closeBrowser(Property_US.java:321)
	at LOB.Property.Property_US.closeBrowser(Property_US.java:321)
	at LOB.Property.Property_US.closeBrowser(Property_US.java:321)
	at LOB.Property.Property_US.closeBrowser(Property_US.java:321)
	at LOB.Property.Property_US.closeBrowser(Property_US.java:321)
	at LOB.Property.Property_US.closeBrowser(Property_US.java:321)
	at LOB.Property.Property_US.closeBrowser(Property_US.java:321)
	at LOB.Property.Property_US.closeBrowser(Property_US.java:321)
	at LOB.Property.Property_US.closeBrowser(Property_US.java:321)
	at LOB.Property.Property_US.closeBrowser(Property_US.java:321)
	at LOB.Property.Property_US.closeBrowser(Property_US.java:321)
	at LOB.Property.Property_US.closeBrowser(Property_US.java:321)
	at LOB.Property.Property_US.closeBrowser(Property_US.java:321)
	at LOB.Property.Property_US.closeBrowser(Property_US.java:321)
	at LOB.Property.Property_US.closeBrowser(Property_US.java:321)
	at LOB.Property.Property_US.closeBrowser(Property_US.java:321)
	at LOB.Property.Property_US.closeBrowser(Property_US.java:321)
	at LOB.Property.Property_US.closeBrowser(Property_US.java:321)
	at LOB.Property.Property_US.closeBrowser(Property_US.java:321)
	at LOB.Property.Property_US.closeBrowser(Property_US.java:321)
	at LOB.Property.Property_US.closeBrowser(Property_US.java:321)
	at LOB.Property.Property_US.closeBrowser(Property_US.java:321)
	at LOB.Property.Property_US.closeBrowser(Property_US.java:321)
	at LOB.Property.Property_US.closeBrowser(Property_US.java:321)
	at LOB.Property.Property_US.closeBrowser(Property_US.java:321)
	at LOB.Property.Property_US.closeBrowser(Property_US.java:321)
	at LOB.Property.Property_US.closeBrowser(Property_US.java:321)
	at LOB.Property.Property_US.closeBrowser(Property_US.java:321)
	at LOB.Property.Property_US.closeBrowser(Property_US.java:321)
	at LOB.Property.Property_US.closeBrowser(Property_US.java:321)
	at LOB.Property.Property_US.closeBrowser(Property_US.java:321)
	at LOB.Property.Property_US.closeBrowser(Property_US.java:321)
	at LOB.Property.Property_US.closeBrowser(Property_US.java:321)
	at LOB.Property.Property_US.closeBrowser(Property_US.java:321)
	at LOB.Property.Property_US.closeBrowser(Property_US.java:321)
	at LOB.Property.Property_US.closeBrowser(Property_US.java:321)
	at LOB.Property.Property_US.closeBrowser(Property_US.java:321)
	at LOB.Property.Property_US.closeBrowser(Property_US.java:321)
	at LOB.Property.Property_US.closeBrowser(Property_US.java:321)
	at LOB.Property.Property_US.closeBrowser(Property_US.java:321)
	at LOB.Property.Property_US.closeBrowser(Property_US.java:321)
	at LOB.Property.Property_US.closeBrowser(Property_US.java:321)
	at LOB.Property.Property_US.closeBrowser(Property_US.java:321)
	at LOB.Property.Property_US.closeBrowser(Property_US.java:321)
	at LOB.Property.Property_US.closeBrowser(Property_US.java:321)
	at LOB.Property.Property_US.closeBrowser(Property_US.java:321)
	at LOB.Property.Property_US.closeBrowser(Property_US.java:321)
	at LOB.Property.Property_US.closeBrowser(Property_US.java:321)
	at LOB.Property.Property_US.closeBrowser(Property_US.java:321)
	at LOB.Property.Property_US.closeBrowser(Property_US.java:321)
	at LOB.Property.Property_US.closeBrowser(Property_US.java:321)
	at LOB.Property.Property_US.closeBrowser(Property_US.java:321)
	at LOB.Property.Property_US.closeBrowser(Property_US.java:321)
	at LOB.Property.Property_US.closeBrowser(Property_US.java:321)
	at LOB.Property.Property_US.closeBrowser(Property_US.java:321)
	at LOB.Property.Property_US.closeBrowser(Property_US.java:321)
	at LOB.Property.Property_US.closeBrowser(Property_US.java:321)
	at LOB.Property.Property_US.closeBrowser(Property_US.java:321)
	at LOB.Property.Property_US.closeBrowser(Property_US.java:321)
	at LOB.Property.Property_US.closeBrowser(Property_US.java:321)
	at LOB.Property.Property_US.closeBrowser(Property_US.java:321)
	at LOB.Property.Property_US.closeBrowser(Property_US.java:321)
	at LOB.Property.Property_US.closeBrowser(Property_US.java:321)
	at LOB.Property.Property_US.closeBrowser(Property_US.java:321)
	at LOB.Property.Property_US.closeBrowser(Property_US.java:321)
	at LOB.Property.Property_US.closeBrowser(Property_US.java:321)
	at LOB.Property.Property_US.closeBrowser(Property_US.java:321)
	at LOB.Property.Property_US.closeBrowser(Property_US.java:321)
	at LOB.Property.Property_US.closeBrowser(Property_US.java:321)
	at LOB.Property.Property_US.closeBrowser(Property_US.java:321)
	at LOB.Property.Property_US.closeBrowser(Property_US.java:321)
	at LOB.Property.Property_US.closeBrowser(Property_US.java:321)
	at LOB.Property.Property_US.closeBrowser(Property_US.java:321)
	at LOB.Property.Property_US.closeBrowser(Property_US.java:321)
	at LOB.Property.Property_US.closeBrowser(Property_US.java:321)
	at LOB.Property.Property_US.closeBrowser(Property_US.java:321)
	at LOB.Property.Property_US.closeBrowser(Property_US.java:321)
	at LOB.Property.Property_US.closeBrowser(Property_US.java:321)
	at LOB.Property.Property_US.closeBrowser(Property_US.java:321)
	at LOB.Property.Property_US.closeBrowser(Property_US.java:321)
	at LOB.Property.Property_US.closeBrowser(Property_US.java:321)
	at LOB.Property.Property_US.closeBrowser(Property_US.java:321)
	at LOB.Property.Property_US.closeBrowser(Property_US.java:321)
	at LOB.Property.Property_US.closeBrowser(Property_US.java:321)
	at LOB.Property.Property_US.closeBrowser(Property_US.java:321)
	at LOB.Property.Property_US.closeBrowser(Property_US.java:321)
	at LOB.Property.Property_US.closeBrowser(Property_US.java:321)
	at LOB.Property.Property_US.closeBrowser(Property_US.java:321)
	at LOB.Property.Property_US.closeBrowser(Property_US.java:321)
	at LOB.Property.Property_US.closeBrowser(Property_US.java:321)
	at LOB.Property.Property_US.closeBrowser(Property_US.java:321)
	at LOB.Property.Property_US.closeBrowser(Property_US.java:321)
	at LOB.Property.Property_US.closeBrowser(Property_US.java:321)
	at LOB.Property.Property_US.closeBrowser(Property_US.java:321)
	at LOB.Property.Property_US.closeBrowser(Property_US.java:321)
	at LOB.Property.Property_US.closeBrowser(Property_US.java:321)
	at LOB.Property.Property_US.closeBrowser(Property_US.java:321)
	at LOB.Property.Property_US.closeBrowser(Property_US.java:321)
	at LOB.Property.Property_US.closeBrowser(Property_US.java:321)
	at LOB.Property.Property_US.closeBrowser(Property_US.java:321)
	at LOB.Property.Property_US.closeBrowser(Property_US.java:321)
	at LOB.Property.Property_US.closeBrowser(Property_US.java:321)
	at LOB.Property.Property_US.closeBrowser(Property_US.java:321)
	at LOB.Property.Property_US.closeBrowser(Property_US.java:321)
	at LOB.Property.Property_US.closeBrowser(Property_US.java:321)
	at LOB.Property.Property_US.closeBrowser(Property_US.java:321)
	at LOB.Property.Property_US.closeBrowser(Property_US.java:321)
	at LOB.Property.Property_US.closeBrowser(Property_US.java:321)
	at LOB.Property.Property_US.closeBrowser(Property_US.java:321)
	at LOB.Property.Property_US.closeBrowser(Property_US.java:321)
	at LOB.Property.Property_US.closeBrowser(Property_US.java:321)
	at LOB.Property.Property_US.closeBrowser(Property_US.java:321)
	at LOB.Property.Property_US.closeBrowser(Property_US.java:321)
	at LOB.Property.Property_US.closeBrowser(Property_US.java:321)
	at LOB.Property.Property_US.closeBrowser(Property_US.java:321)
	at LOB.Property.Property_US.closeBrowser(Property_US.java:321)
	at LOB.Property.Property_US.closeBrowser(Property_US.java:321)
	at LOB.Property.Property_US.closeBrowser(Property_US.java:321)
	at LOB.Property.Property_US.closeBrowser(Property_US.java:321)
	at LOB.Property.Property_US.closeBrowser(Property_US.java:321)
	at LOB.Property.Property_US.closeBrowser(Property_US.java:321)
	at LOB.Property.Property_US.closeBrowser(Property_US.java:321)
	at LOB.Property.Property_US.closeBrowser(Property_US.java:321)
	at LOB.Property.Property_US.closeBrowser(Property_US.java:321)
	at LOB.Property.Property_US.closeBrowser(Property_US.java:321)
	at LOB.Property.Property_US.closeBrowser(Property_US.java:321)
	at LOB.Property.Property_US.closeBrowser(Property_US.java:321)
	at LOB.Property.Property_US.closeBrowser(Property_US.java:321)
	at LOB.Property.Property_US.closeBrowser(Property_US.java:321)
	at LOB.Property.Property_US.closeBrowser(Property_US.java:321)
	at LOB.Property.Property_US.closeBrowser(Property_US.java:321)
	at LOB.Property.Property_US.closeBrowser(Property_US.java:321)
	at LOB.Property.Property_US.closeBrowser(Property_US.java:321)
	at LOB.Property.Property_US.closeBrowser(Property_US.java:321)
	at LOB.Property.Property_US.closeBrowser(Property_US.java:321)
	at LOB.Property.Property_US.closeBrowser(Property_US.java:321)
	at LOB.Property.Property_US.closeBrowser(Property_US.java:321)
	at LOB.Property.Property_US.closeBrowser(Property_US.java:321)
	at LOB.Property.Property_US.closeBrowser(Property_US.java:321)
	at LOB.Property.Property_US.closeBrowser(Property_US.java:321)
	at LOB.Property.Property_US.closeBrowser(Property_US.java:321)
	at LOB.Property.Property_US.closeBrowser(Property_US.java:321)
	at LOB.Property.Property_US.closeBrowser(Property_US.java:321)
	at LOB.Property.Property_US.closeBrowser(Property_US.java:321)
	at LOB.Property.Property_US.closeBrowser(Property_US.java:321)
	at LOB.Property.Property_US.closeBrowser(Property_US.java:321)
	at LOB.Property.Property_US.closeBrowser(Property_US.java:321)
	at LOB.Property.Property_US.closeBrowser(Property_US.java:321)
	at LOB.Property.Property_US.closeBrowser(Property_US.java:321)
	at LOB.Property.Property_US.closeBrowser(Property_US.java:321)
	at LOB.Property.Property_US.closeBrowser(Property_US.java:321)
	at LOB.Property.Property_US.closeBrowser(Property_US.java:321)
	at LOB.Property.Property_US.closeBrowser(Property_US.java:321)
	at LOB.Property.Property_US.closeBrowser(Property_US.java:321)
	at LOB.Property.Property_US.closeBrowser(Property_US.java:321)
	at LOB.Property.Property_US.closeBrowser(Property_US.java:321)
	at LOB.Property.Property_US.closeBrowser(Property_US.java:321)
	at LOB.Property.Property_US.closeBrowser(Property_US.java:321)
	at LOB.Property.Property_US.closeBrowser(Property_US.java:321)
	at LOB.Property.Property_US.closeBrowser(Property_US.java:321)
	at LOB.Property.Property_US.closeBrowser(Property_US.java:321)
	at LOB.Property.Property_US.closeBrowser(Property_US.java:321)
	at LOB.Property.Property_US.closeBrowser(Property_US.java:321)
	at LOB.Property.Property_US.closeBrowser(Property_US.java:321)
	at LOB.Property.Property_US.closeBrowser(Property_US.java:321)
	at LOB.Property.Property_US.closeBrowser(Property_US.java:321)
	at LOB.Property.Property_US.closeBrowser(Property_US.java:321)
	at LOB.Property.Property_US.closeBrowser(Property_US.java:321)
	at LOB.Property.Property_US.closeBrowser(Property_US.java:321)
	at LOB.Property.Property_US.closeBrowser(Property_US.java:321)
	at LOB.Property.Property_US.closeBrowser(Property_US.java:321)
	at LOB.Property.Property_US.closeBrowser(Property_US.java:321)
	at LOB.Property.Property_US.closeBrowser(Property_US.java:321)
	at LOB.Property.Property_US.closeBrowser(Property_US.java:321)
	at LOB.Property.Property_US.closeBrowser(Property_US.java:321)
	at LOB.Property.Property_US.closeBrowser(Property_US.java:321)
	at LOB.Property.Property_US.closeBrowser(Property_US.java:321)
	at LOB.Property.Property_US.closeBrowser(Property_US.java:321)
	at LOB.Property.Property_US.closeBrowser(Property_US.java:321)
	at LOB.Property.Property_US.closeBrowser(Property_US.java:321)
	at LOB.Property.Property_US.closeBrowser(Property_US.java:321)
	at LOB.Property.Property_US.closeBrowser(Property_US.java:321)
	at LOB.Property.Property_US.closeBrowser(Property_US.java:321)
	at LOB.Property.Property_US.closeBrowser(Property_US.java:321)
	at LOB.Property.Property_US.closeBrowser(Property_US.java:321)
	at LOB.Property.Property_US.closeBrowser(Property_US.java:321)
	at LOB.Property.Property_US.closeBrowser(Property_US.java:321)
	at LOB.Property.Property_US.closeBrowser(Property_US.java:321)
	at LOB.Property.Property_US.closeBrowser(Property_US.java:321)
	at LOB.Property.Property_US.closeBrowser(Property_US.java:321)
	at LOB.Property.Property_US.closeBrowser(Property_US.java:321)
	at LOB.Property.Property_US.closeBrowser(Property_US.java:321)
	at LOB.Property.Property_US.closeBrowser(Property_US.java:321)
	at LOB.Property.Property_US.closeBrowser(Property_US.java:321)
	at LOB.Property.Property_US.closeBrowser(Property_US.java:321)
	at LOB.Property.Property_US.closeBrowser(Property_US.java:321)
	at LOB.Property.Property_US.closeBrowser(Property_US.java:321)
	at LOB.Property.Property_US.closeBrowser(Property_US.java:321)
	at LOB.Property.Property_US.closeBrowser(Property_US.java:321)
	at LOB.Property.Property_US.closeBrowser(Property_US.java:321)
	at LOB.Property.Property_US.closeBrowser(Property_US.java:321)
	at LOB.Property.Property_US.closeBrowser(Property_US.java:321)
	at LOB.Property.Property_US.closeBrowser(Property_US.java:321)
	at LOB.Property.Property_US.closeBrowser(Property_US.java:321)
	at LOB.Property.Property_US.closeBrowser(Property_US.java:321)
	at LOB.Property.Property_US.closeBrowser(Property_US.java:321)
	at LOB.Property.Property_US.closeBrowser(Property_US.java:321)
	at LOB.Property.Property_US.closeBrowser(Property_US.java:321)
	at LOB.Property.Property_US.closeBrowser(Property_US.java:321)
	at LOB.Property.Property_US.closeBrowser(Property_US.java:321)
	at LOB.Property.Property_US.closeBrowser(Property_US.java:321)
	at LOB.Property.Property_US.closeBrowser(Property_US.java:321)
	at LOB.Property.Property_US.closeBrowser(Property_US.java:321)
	at LOB.Property.Property_US.closeBrowser(Property_US.java:321)
	at LOB.Property.Property_US.closeBrowser(Property_US.java:321)
	at LOB.Property.Property_US.closeBrowser(Property_US.java:321)
	at LOB.Property.Property_US.closeBrowser(Property_US.java:321)
	at LOB.Property.Property_US.closeBrowser(Property_US.java:321)
	at LOB.Property.Property_US.closeBrowser(Property_US.java:321)
	at LOB.Property.Property_US.closeBrowser(Property_US.java:321)
	at LOB.Property.Property_US.closeBrowser(Property_US.java:321)
	at LOB.Property.Property_US.closeBrowser(Property_US.java:321)
	at LOB.Property.Property_US.closeBrowser(Property_US.java:321)
	at LOB.Property.Property_US.closeBrowser(Property_US.java:321)
	at LOB.Property.Property_US.closeBrowser(Property_US.java:321)
	at LOB.Property.Property_US.closeBrowser(Property_US.java:321)
	at LOB.Property.Property_US.closeBrowser(Property_US.java:321)
	at LOB.Property.Property_US.closeBrowser(Property_US.java:321)
	at LOB.Property.Property_US.closeBrowser(Property_US.java:321)
	at LOB.Property.Property_US.closeBrowser(Property_US.java:321)
	at LOB.Property.Property_US.closeBrowser(Property_US.java:321)
	at LOB.Property.Property_US.closeBrowser(Property_US.java:321)
	at LOB.Property.Property_US.closeBrowser(Property_US.java:321)
	at LOB.Property.Property_US.closeBrowser(Property_US.java:321)
	at LOB.Property.Property_US.closeBrowser(Property_US.java:321)
	at LOB.Property.Property_US.closeBrowser(Property_US.java:321)
	at LOB.Property.Property_US.closeBrowser(Property_US.java:321)
	at LOB.Property.Property_US.closeBrowser(Property_US.java:321)
	at LOB.Property.Property_US.closeBrowser(Property_US.java:321)
	at LOB.Property.Property_US.closeBrowser(Property_US.java:321)
	at LOB.Property.Property_US.closeBrowser(Property_US.java:321)
	at LOB.Property.Property_US.closeBrowser(Property_US.java:321)
	at LOB.Property.Property_US.closeBrowser(Property_US.java:321)
	at LOB.Property.Property_US.closeBrowser(Property_US.java:321)
	at LOB.Property.Property_US.closeBrowser(Property_US.java:321)
	at LOB.Property.Property_US.closeBrowser(Property_US.java:321)
	at LOB.Property.Property_US.closeBrowser(Property_US.java:321)
	at LOB.Property.Property_US.closeBrowser(Property_US.java:321)
	at LOB.Property.Property_US.closeBrowser(Property_US.java:321)
	at LOB.Property.Property_US.closeBrowser(Property_US.java:321)
	at LOB.Property.Property_US.closeBrowser(Property_US.java:321)
	at LOB.Property.Property_US.closeBrowser(Property_US.java:321)
	at LOB.Property.Property_US.closeBrowser(Property_US.java:321)
	at LOB.Property.Property_US.closeBrowser(Property_US.java:321)
	at LOB.Property.Property_US.closeBrowser(Property_US.java:321)
	at LOB.Property.Property_US.closeBrowser(Property_US.java:321)
	at LOB.Property.Property_US.closeBrowser(Property_US.java:321)
	at LOB.Property.Property_US.closeBrowser(Property_US.java:321)
	at LOB.Property.Property_US.closeBrowser(Property_US.java:321)
	at LOB.Property.Property_US.closeBrowser(Property_US.java:321)
	at LOB.Property.Property_US.closeBrowser(Property_US.java:321)
	at LOB.Property.Property_US.closeBrowser(Property_US.java:321)
	at LOB.Property.Property_US.closeBrowser(Property_US.java:321)
	at LOB.Property.Property_US.closeBrowser(Property_US.java:321)
	at LOB.Property.Property_US.closeBrowser(Property_US.java:321)
	at LOB.Property.Property_US.closeBrowser(Property_US.java:321)
	at LOB.Property.Property_US.closeBrowser(Property_US.java:321)
	at LOB.Property.Property_US.closeBrowser(Property_US.java:321)
	at LOB.Property.Property_US.closeBrowser(Property_US.java:321)
	at LOB.Property.Property_US.closeBrowser(Property_US.java:321)
	at LOB.Property.Property_US.closeBrowser(Property_US.java:321)
	at LOB.Property.Property_US.closeBrowser(Property_US.java:321)
	at LOB.Property.Property_US.closeBrowser(Property_US.java:321)
	at LOB.Property.Property_US.closeBrowser(Property_US.java:321)
	at LOB.Property.Property_US.closeBrowser(Property_US.java:321)
	at LOB.Property.Property_US.closeBrowser(Property_US.java:321)
	at LOB.Property.Property_US.closeBrowser(Property_US.java:321)
	at LOB.Property.Property_US.closeBrowser(Property_US.java:321)
	at LOB.Property.Property_US.closeBrowser(Property_US.java:321)
	at LOB.Property.Property_US.closeBrowser(Property_US.java:321)
	at LOB.Property.Property_US.closeBrowser(Property_US.java:321)
	at LOB.Property.Property_US.closeBrowser(Property_US.java:321)
	at LOB.Property.Property_US.closeBrowser(Property_US.java:321)
	at LOB.Property.Property_US.closeBrowser(Property_US.java:321)
	at LOB.Property.Property_US.closeBrowser(Property_US.java:321)
	at LOB.Property.Property_US.closeBrowser(Property_US.java:321)
	at LOB.Property.Property_US.closeBrowser(Property_US.java:321)
	at LOB.Property.Property_US.closeBrowser(Property_US.java:321)
	at LOB.Property.Property_US.closeBrowser(Property_US.java:321)
	at LOB.Property.Property_US.closeBrowser(Property_US.java:321)
	at LOB.Property.Property_US.closeBrowser(Property_US.java:321)
	at LOB.Property.Property_US.closeBrowser(Property_US.java:321)
	at LOB.Property.Property_US.closeBrowser(Property_US.java:321)
	at LOB.Property.Property_US.closeBrowser(Property_US.java:321)
	at LOB.Property.Property_US.closeBrowser(Property_US.java:321)
	at LOB.Property.Property_US.closeBrowser(Property_US.java:321)
	at LOB.Property.Property_US.closeBrowser(Property_US.java:321)
	at LOB.Property.Property_US.closeBrowser(Property_US.java:321)
	at LOB.Property.Property_US.closeBrowser(Property_US.java:321)
	at LOB.Property.Property_US.closeBrowser(Property_US.java:321)
	at LOB.Property.Property_US.closeBrowser(Property_US.java:321)
	at LOB.Property.Property_US.closeBrowser(Property_US.java:321)
	at LOB.Property.Property_US.closeBrowser(Property_US.java:321)
	at LOB.Property.Property_US.closeBrowser(Property_US.java:321)
	at LOB.Property.Property_US.closeBrowser(Property_US.java:321)
	at LOB.Property.Property_US.closeBrowser(Property_US.java:321)
	at LOB.Property.Property_US.closeBrowser(Property_US.java:321)
	at LOB.Property.Property_US.closeBrowser(Property_US.java:321)
	at LOB.Property.Property_US.closeBrowser(Property_US.java:321)
	at LOB.Property.Property_US.closeBrowser(Property_US.java:321)
	at LOB.Property.Property_US.closeBrowser(Property_US.java:321)
	at LOB.Property.Property_US.closeBrowser(Property_US.java:321)
	at LOB.Property.Property_US.closeBrowser(Property_US.java:321)
	at LOB.Property.Property_US.closeBrowser(Property_US.java:321)
	at LOB.Property.Property_US.closeBrowser(Property_US.java:321)
	at LOB.Property.Property_US.closeBrowser(Property_US.java:321)
	at LOB.Property.Property_US.closeBrowser(Property_US.java:321)
	at LOB.Property.Property_US.closeBrowser(Property_US.java:321)
	at LOB.Property.Property_US.closeBrowser(Property_US.java:321)
	at LOB.Property.Property_US.closeBrowser(Property_US.java:321)
	at LOB.Property.Property_US.closeBrowser(Property_US.java:321)
	at LOB.Property.Property_US.closeBrowser(Property_US.java:321)
	at LOB.Property.Property_US.closeBrowser(Property_US.java:321)
	at LOB.Property.Property_US.closeBrowser(Property_US.java:321)
	at LOB.Property.Property_US.closeBrowser(Property_US.java:321)
	at LOB.Property.Property_US.closeBrowser(Property_US.java:321)
	at LOB.Property.Property_US.closeBrowser(Property_US.java:321)
	at LOB.Property.Property_US.closeBrowser(Property_US.java:321)
	at LOB.Property.Property_US.closeBrowser(Property_US.java:321)
	at LOB.Property.Property_US.closeBrowser(Property_US.java:321)
	at LOB.Property.Property_US.closeBrowser(Property_US.java:321)
	at LOB.Property.Property_US.closeBrowser(Property_US.java:321)
	at LOB.Property.Property_US.closeBrowser(Property_US.java:321)
	at LOB.Property.Property_US.closeBrowser(Property_US.java:321)
	at LOB.Property.Property_US.closeBrowser(Property_US.java:321)
	at LOB.Property.Property_US.closeBrowser(Property_US.java:321)
	at LOB.Property.Property_US.closeBrowser(Property_US.java:321)
	at LOB.Property.Property_US.closeBrowser(Property_US.java:321)
	at LOB.Property.Property_US.closeBrowser(Property_US.java:321)
	at LOB.Property.Property_US.closeBrowser(Property_US.java:321)
	at LOB.Property.Property_US.closeBrowser(Property_US.java:321)
	at LOB.Property.Property_US.closeBrowser(Property_US.java:321)
	at LOB.Property.Property_US.closeBrowser(Property_US.java:321)
	at LOB.Property.Property_US.closeBrowser(Property_US.java:321)
	at LOB.Property.Property_US.closeBrowser(Property_US.java:321)
	at LOB.Property.Property_US.closeBrowser(Property_US.java:321)
	at LOB.Property.Property_US.closeBrowser(Property_US.java:321)
	at LOB.Property.Property_US.closeBrowser(Property_US.java:321)
	at LOB.Property.Property_US.closeBrowser(Property_US.java:321)
	at LOB.Property.Property_US.closeBrowser(Property_US.java:321)
	at LOB.Property.Property_US.closeBrowser(Property_US.java:321)
	at LOB.Property.Property_US.closeBrowser(Property_US.java:321)
	at LOB.Property.Property_US.closeBrowser(Property_US.java:321)
	at LOB.Property.Property_US.closeBrowser(Property_US.java:321)
	at LOB.Property.Property_US.closeBrowser(Property_US.java:321)
	at LOB.Property.Property_US.closeBrowser(Property_US.java:321)
	at LOB.Property.Property_US.closeBrowser(Property_US.java:321)
	at LOB.Property.Property_US.closeBrowser(Property_US.java:321)
	at LOB.Property.Property_US.closeBrowser(Property_US.java:321)
	at LOB.Property.Property_US.closeBrowser(Property_US.java:321)
	at LOB.Property.Property_US.closeBrowser(Property_US.java:321)
	at LOB.Property.Property_US.closeBrowser(Property_US.java:321)
	at LOB.Property.Property_US.closeBrowser(Property_US.java:321)
	at LOB.Property.Property_US.closeBrowser(Property_US.java:321)
	at LOB.Property.Property_US.closeBrowser(Property_US.java:321)
	at LOB.Property.Property_US.closeBrowser(Property_US.java:321)
	at LOB.Property.Property_US.closeBrowser(Property_US.java:321)
	at LOB.Property.Property_US.closeBrowser(Property_US.java:321)
	at LOB.Property.Property_US.closeBrowser(Property_US.java:321)
	at LOB.Property.Property_US.closeBrowser(Property_US.java:321)
	at LOB.Property.Property_US.closeBrowser(Property_US.java:321)
	at LOB.Property.Property_US.closeBrowser(Property_US.java:321)
	at LOB.Property.Property_US.closeBrowser(Property_US.java:321)
	at LOB.Property.Property_US.closeBrowser(Property_US.java:321)
	at LOB.Property.Property_US.closeBrowser(Property_US.java:321)
	at LOB.Property.Property_US.closeBrowser(Property_US.java:321)
	at LOB.Property.Property_US.closeBrowser(Property_US.java:321)
	at LOB.Property.Property_US.closeBrowser(Property_US.java:321)
	at LOB.Property.Property_US.closeBrowser(Property_US.java:321)
	at LOB.Property.Property_US.closeBrowser(Property_US.java:321)
	at LOB.Property.Property_US.closeBrowser(Property_US.java:321)
	at LOB.Property.Property_US.closeBrowser(Property_US.java:321)
	at LOB.Property.Property_US.closeBrowser(Property_US.java:321)
	at LOB.Property.Property_US.closeBrowser(Property_US.java:321)
	at LOB.Property.Property_US.closeBrowser(Property_US.java:321)
	at LOB.Property.Property_US.closeBrowser(Property_US.java:321)
	at LOB.Property.Property_US.closeBrowser(Property_US.java:321)
	at LOB.Property.Property_US.closeBrowser(Property_US.java:321)
	at LOB.Property.Property_US.closeBrowser(Property_US.java:321)
	at LOB.Property.Property_US.closeBrowser(Property_US.java:321)
	at LOB.Property.Property_US.closeBrowser(Property_US.java:321)
	at LOB.Property.Property_US.closeBrowser(Property_US.java:321)
	at LOB.Property.Property_US.closeBrowser(Property_US.java:321)
	at LOB.Property.Property_US.closeBrowser(Property_US.java:321)
	at LOB.Property.Property_US.closeBrowser(Property_US.java:321)
	at LOB.Property.Property_US.closeBrowser(Property_US.java:321)
	at LOB.Property.Property_US.closeBrowser(Property_US.java:321)
	at LOB.Property.Property_US.closeBrowser(Property_US.java:321)
	at LOB.Property.Property_US.closeBrowser(Property_US.java:321)
	at LOB.Property.Property_US.closeBrowser(Property_US.java:321)
	at LOB.Property.Property_US.closeBrowser(Property_US.java:321)
	at LOB.Property.Property_US.closeBrowser(Property_US.java:321)
	at LOB.Property.Property_US.closeBrowser(Property_US.java:321)
	at LOB.Property.Property_US.closeBrowser(Property_US.java:321)
	at LOB.Property.Property_US.closeBrowser(Property_US.java:321)
	at LOB.Property.Property_US.closeBrowser(Property_US.java:321)
	at LOB.Property.Property_US.closeBrowser(Property_US.java:321)
	at LOB.Property.Property_US.closeBrowser(Property_US.java:321)
	at LOB.Property.Property_US.closeBrowser(Property_US.java:321)
	at LOB.Property.Property_US.closeBrowser(Property_US.java:321)
	at LOB.Property.Property_US.closeBrowser(Property_US.java:321)
	at LOB.Property.Property_US.closeBrowser(Property_US.java:321)
	at LOB.Property.Property_US.closeBrowser(Property_US.java:321)
	at LOB.Property.Property_US.closeBrowser(Property_US.java:321)
	at LOB.Property.Property_US.closeBrowser(Property_US.java:321)
	at LOB.Property.Property_US.closeBrowser(Property_US.java:321)
	at LOB.Property.Property_US.closeBrowser(Property_US.java:321)
	at LOB.Property.Property_US.closeBrowser(Property_US.java:321)
	at LOB.Property.Property_US.closeBrowser(Property_US.java:321)
	at LOB.Property.Property_US.closeBrowser(Property_US.java:321)
	at LOB.Property.Property_US.closeBrowser(Property_US.java:321)
	at LOB.Property.Property_US.closeBrowser(Property_US.java:321)
	at LOB.Property.Property_US.closeBrowser(Property_US.java:321)
	at LOB.Property.Property_US.closeBrowser(Property_US.java:321)
	at LOB.Property.Property_US.closeBrowser(Property_US.java:321)
	at LOB.Property.Property_US.closeBrowser(Property_US.java:321)
	at LOB.Property.Property_US.closeBrowser(Property_US.java:321)
	at LOB.Property.Property_US.closeBrowser(Property_US.java:321)
	at LOB.Property.Property_US.closeBrowser(Property_US.java:321)
	at LOB.Property.Property_US.closeBrowser(Property_US.java:321)
	at LOB.Property.Property_US.closeBrowser(Property_US.java:321)
	at LOB.Property.Property_US.closeBrowser(Property_US.java:321)
	at LOB.Property.Property_US.closeBrowser(Property_US.java:321)
	at LOB.Property.Property_US.closeBrowser(Property_US.java:321)
	at LOB.Property.Property_US.closeBrowser(Property_US.java:321)
	at LOB.Property.Property_US.closeBrowser(Property_US.java:321)
	at LOB.Property.Property_US.closeBrowser(Property_US.java:321)
	at LOB.Property.Property_US.closeBrowser(Property_US.java:321)
	at LOB.Property.Property_US.closeBrowser(Property_US.java:321)
	at LOB.Property.Property_US.closeBrowser(Property_US.java:321)
	at LOB.Property.Property_US.closeBrowser(Property_US.java:321)
	at LOB.Property.Property_US.closeBrowser(Property_US.java:321)
	at LOB.Property.Property_US.closeBrowser(Property_US.java:321)
	at LOB.Property.Property_US.closeBrowser(Property_US.java:321)
	at LOB.Property.Property_US.closeBrowser(Property_US.java:321)
	at LOB.Property.Property_US.closeBrowser(Property_US.java:321)
	at LOB.Property.Property_US.closeBrowser(Property_US.java:321)
	at LOB.Property.Property_US.closeBrowser(Property_US.java:321)
	at LOB.Property.Property_US.closeBrowser(Property_US.java:321)
	at LOB.Property.Property_US.closeBrowser(Property_US.java:321)
	at LOB.Property.Property_US.closeBrowser(Property_US.java:321)
	at LOB.Property.Property_US.closeBrowser(Property_US.java:321)
	at LOB.Property.Property_US.closeBrowser(Property_US.java:321)
	at LOB.Property.Property_US.closeBrowser(Property_US.java:321)
	at LOB.Property.Property_US.closeBrowser(Property_US.java:321)
	at LOB.Property.Property_US.closeBrowser(Property_US.java:321)
	at LOB.Property.Property_US.closeBrowser(Property_US.java:321)
	at LOB.Property.Property_US.closeBrowser(Property_US.java:321)
	at LOB.Property.Property_US.closeBrowser(Property_US.java:321)
	at LOB.Property.Property_US.closeBrowser(Property_US.java:321)
	at LOB.Property.Property_US.closeBrowser(Property_US.java:321)
	at LOB.Property.Property_US.closeBrowser(Property_US.java:321)
	at LOB.Property.Property_US.closeBrowser(Property_US.java:321)
	at LOB.Property.Property_US.closeBrowser(Property_US.java:321)
	at LOB.Property.Property_US.closeBrowser(Property_US.java:321)
	at LOB.Property.Property_US.closeBrowser(Property_US.java:321)
	at LOB.Property.Property_US.closeBrowser(Property_US.java:321)
	at LOB.Property.Property_US.closeBrowser(Property_US.java:321)
	at LOB.Property.Property_US.closeBrowser(Property_US.java:321)
	at LOB.Property.Property_US.closeBrowser(Property_US.java:321)
	at LOB.Property.Property_US.closeBrowser(Property_US.java:321)
	at LOB.Property.Property_US.closeBrowser(Property_US.java:321)
	at LOB.Property.Property_US.closeBrowser(Property_US.java:321)
	at LOB.Property.Property_US.closeBrowser(Property_US.java:321)
	at LOB.Property.Property_US.closeBrowser(Property_US.java:321)
	at LOB.Property.Property_US.closeBrowser(Property_US.java:321)
	at LOB.Property.Property_US.closeBrowser(Property_US.java:321)
	at LOB.Property.Property_US.closeBrowser(Property_US.java:321)
	at LOB.Property.Property_US.closeBrowser(Property_US.java:321)
	at LOB.Property.Property_US.closeBrowser(Property_US.java:321)
	at LOB.Property.Property_US.closeBrowser(Property_US.java:321)
	at LOB.Property.Property_US.closeBrowser(Property_US.java:321)
	at LOB.Property.Property_US.closeBrowser(Property_US.java:321)
	at LOB.Property.Property_US.closeBrowser(Property_US.java:321)
	at LOB.Property.Property_US.closeBrowser(Property_US.java:321)
	at LOB.Property.Property_US.closeBrowser(Property_US.java:321)
	at LOB.Property.Property_US.closeBrowser(Property_US.java:321)
	at LOB.Property.Property_US.closeBrowser(Property_US.java:321)
	at LOB.Property.Property_US.closeBrowser(Property_US.java:321)
	at LOB.Property.Property_US.closeBrowser(Property_US.java:321)
	at LOB.Property.Property_US.closeBrowser(Property_US.java:321)
	at LOB.Property.Property_US.closeBrowser(Property_US.java:321)
	at LOB.Property.Property_US.closeBrowser(Property_US.java:321)
	at LOB.Property.Property_US.closeBrowser(Property_US.java:321)
	at LOB.Property.Property_US.closeBrowser(Property_US.java:321)
	at LOB.Property.Property_US.closeBrowser(Property_US.java:321)
	at LOB.Property.Property_US.closeBrowser(Property_US.java:321)
	at LOB.Property.Property_US.closeBrowser(Property_US.java:321)
	at LOB.Property.Property_US.closeBrowser(Property_US.java:321)
	at LOB.Property.Property_US.closeBrowser(Property_US.java:321)
	at LOB.Property.Property_US.closeBrowser(Property_US.java:321)
	at LOB.Property.Property_US.closeBrowser(Property_US.java:321)
	at LOB.Property.Property_US.closeBrowser(Property_US.java:321)
	at LOB.Property.Property_US.closeBrowser(Property_US.java:321)
	at LOB.Property.Property_US.closeBrowser(Property_US.java:321)
	at LOB.Property.Property_US.closeBrowser(Property_US.java:321)
	at LOB.Property.Property_US.closeBrowser(Property_US.java:321)
	at LOB.Property.Property_US.closeBrowser(Property_US.java:321)
	at LOB.Property.Property_US.closeBrowser(Property_US.java:321)
	at LOB.Property.Property_US.closeBrowser(Property_US.java:321)
	at LOB.Property.Property_US.closeBrowser(Property_US.java:321)
	at LOB.Property.Property_US.closeBrowser(Property_US.java:321)
	at LOB.Property.Property_US.closeBrowser(Property_US.java:321)
	at LOB.Property.Property_US.closeBrowser(Property_US.java:321)
	at LOB.Property.Property_US.closeBrowser(Property_US.java:321)
	at LOB.Property.Property_US.closeBrowser(Property_US.java:321)
	at LOB.Property.Property_US.closeBrowser(Property_US.java:321)
	at LOB.Property.Property_US.closeBrowser(Property_US.java:321)
	at LOB.Property.Property_US.closeBrowser(Property_US.java:321)
	at LOB.Property.Property_US.closeBrowser(Property_US.java:321)
	at LOB.Property.Property_US.closeBrowser(Property_US.java:321)
	at LOB.Property.Property_US.closeBrowser(Property_US.java:321)
]]>
    </failure>
  </testcase> <!-- @AfterTest closeBrowser -->
  <testcase name="SuiteOneCaseTwoTest" time="15.62" classname="LOB.Property.Property_US"/>
</testsuite> <!-- Property_US -->
